{"/opt/service/workspace/app/src/index.ts": {"path":"/opt/service/workspace/app/src/index.ts","statementMap":{"0":{"start":{"line":1,"column":0},"end":{"line":1,"column":9}},"1":{"start":{"line":1,"column":9},"end":{"line":1,"column":38}},"2":{"start":{"line":2,"column":0},"end":{"line":2,"column":9}},"3":{"start":{"line":2,"column":9},"end":{"line":2,"column":64}}},"fnMap":{"0":{"name":"(anonymous_0)","decl":{"start":{"line":1,"column":9},"end":{"line":1,"column":16}},"loc":{"start":{"line":1,"column":9},"end":{"line":1,"column":38}}},"1":{"name":"(anonymous_1)","decl":{"start":{"line":2,"column":9},"end":{"line":2,"column":25}},"loc":{"start":{"line":2,"column":9},"end":{"line":2,"column":64}}}},"branchMap":{},"s":{"0":0,"1":0,"2":0,"3":0},"f":{"0":0,"1":0},"b":{}}
,"/opt/service/workspace/app/src/domain/services/formula-evaluation-service.ts": {"path":"/opt/service/workspace/app/src/domain/services/formula-evaluation-service.ts","statementMap":{"0":{"start":{"line":44,"column":0},"end":{"line":44,"column":16}},"1":{"start":{"line":1,"column":0},"end":{"line":1,"column":50}},"2":{"start":{"line":2,"column":0},"end":{"line":2,"column":63}},"3":{"start":{"line":10,"column":2},"end":{"line":10,"column":48}},"4":{"start":{"line":18,"column":2},"end":{"line":22,"column":3}},"5":{"start":{"line":19,"column":4},"end":{"line":21,"column":5}},"6":{"start":{"line":20,"column":6},"end":{"line":20,"column":29}},"7":{"start":{"line":23,"column":2},"end":{"line":23,"column":27}},"8":{"start":{"line":30,"column":2},"end":{"line":30,"column":33}},"9":{"start":{"line":48,"column":45},"end":{"line":48,"column":47}},"10":{"start":{"line":49,"column":45},"end":{"line":49,"column":47}},"11":{"start":{"line":51,"column":2},"end":{"line":65,"column":3}},"12":{"start":{"line":53,"column":23},"end":{"line":53,"column":55}},"13":{"start":{"line":54,"column":18},"end":{"line":54,"column":53}},"14":{"start":{"line":56,"column":4},"end":{"line":61,"column":7}},"15":{"start":{"line":63,"column":20},"end":{"line":63,"column":62}},"16":{"start":{"line":64,"column":4},"end":{"line":64,"column":32}},"17":{"start":{"line":68,"column":20},"end":{"line":68,"column":70}},"18":{"start":{"line":68,"column":53},"end":{"line":68,"column":66}},"19":{"start":{"line":70,"column":19},"end":{"line":70,"column":28}},"20":{"start":{"line":73,"column":2},"end":{"line":84,"column":3}},"21":{"start":{"line":74,"column":4},"end":{"line":83,"column":5}},"22":{"start":{"line":75,"column":21},"end":{"line":75,"column":61}},"23":{"start":{"line":76,"column":6},"end":{"line":80,"column":7}},"24":{"start":{"line":77,"column":8},"end":{"line":77,"column":28}},"25":{"start":{"line":79,"column":8},"end":{"line":79,"column":99}},"26":{"start":{"line":82,"column":6},"end":{"line":82,"column":94}},"27":{"start":{"line":86,"column":2},"end":{"line":86,"column":39}}},"fnMap":{"0":{"name":"sanitiseFieldKey","decl":{"start":{"line":9,"column":9},"end":{"line":9,"column":25}},"loc":{"start":{"line":9,"column":42},"end":{"line":11,"column":1}}},"1":{"name":"evaluateFieldRule","decl":{"start":{"line":17,"column":9},"end":{"line":17,"column":26}},"loc":{"start":{"line":17,"column":62},"end":{"line":24,"column":1}}},"2":{"name":"isArithmeticFormula","decl":{"start":{"line":29,"column":9},"end":{"line":29,"column":28}},"loc":{"start":{"line":29,"column":44},"end":{"line":31,"column":1}}},"3":{"name":"evaluateFormula","decl":{"start":{"line":44,"column":16},"end":{"line":44,"column":31}},"loc":{"start":{"line":46,"column":37},"end":{"line":87,"column":1}}},"4":{"name":"(anonymous_4)","decl":{"start":{"line":68,"column":41},"end":{"line":68,"column":42}},"loc":{"start":{"line":68,"column":53},"end":{"line":68,"column":66}}}},"branchMap":{"0":{"loc":{"start":{"line":19,"column":4},"end":{"line":21,"column":5}},"type":"if","locations":[{"start":{"line":19,"column":4},"end":{"line":21,"column":5}},{"start":{},"end":{}}]},"1":{"loc":{"start":{"line":53,"column":23},"end":{"line":53,"column":55}},"type":"binary-expr","locations":[{"start":{"line":53,"column":23},"end":{"line":53,"column":49}},{"start":{"line":53,"column":53},"end":{"line":53,"column":55}}]},"2":{"loc":{"start":{"line":73,"column":2},"end":{"line":84,"column":3}},"type":"if","locations":[{"start":{"line":73,"column":2},"end":{"line":84,"column":3}},{"start":{},"end":{}}]},"3":{"loc":{"start":{"line":73,"column":6},"end":{"line":73,"column":59}},"type":"binary-expr","locations":[{"start":{"line":73,"column":6},"end":{"line":73,"column":20}},{"start":{"line":73,"column":24},"end":{"line":73,"column":59}}]},"4":{"loc":{"start":{"line":76,"column":6},"end":{"line":80,"column":7}},"type":"if","locations":[{"start":{"line":76,"column":6},"end":{"line":80,"column":7}},{"start":{"line":78,"column":13},"end":{"line":80,"column":7}}]},"5":{"loc":{"start":{"line":76,"column":10},"end":{"line":76,"column":56}},"type":"binary-expr","locations":[{"start":{"line":76,"column":10},"end":{"line":76,"column":36}},{"start":{"line":76,"column":40},"end":{"line":76,"column":56}}]}},"s":{"0":3,"1":3,"2":3,"3":17,"4":17,"5":19,"6":13,"7":4,"8":5,"9":15,"10":15,"11":15,"12":17,"13":17,"14":17,"15":17,"16":17,"17":15,"18":17,"19":15,"20":15,"21":5,"22":5,"23":4,"24":4,"25":0,"26":1,"27":15},"f":{"0":17,"1":17,"2":5,"3":15,"4":17},"b":{"0":[13,6],"1":[17,1],"2":[5,10],"3":[15,5],"4":[4,0],"5":[4,4]}}
,"/opt/service/workspace/app/src/domain/services/formula-validation-service.ts": {"path":"/opt/service/workspace/app/src/domain/services/formula-validation-service.ts","statementMap":{"0":{"start":{"line":21,"column":0},"end":{"line":21,"column":16}},"1":{"start":{"line":1,"column":0},"end":{"line":1,"column":44}},"2":{"start":{"line":4,"column":24},"end":{"line":4,"column":66}},"3":{"start":{"line":22,"column":2},"end":{"line":24,"column":3}},"4":{"start":{"line":23,"column":4},"end":{"line":23,"column":78}},"5":{"start":{"line":26,"column":2},"end":{"line":67,"column":3}},"6":{"start":{"line":27,"column":4},"end":{"line":29,"column":5}},"7":{"start":{"line":28,"column":6},"end":{"line":28,"column":88}},"8":{"start":{"line":31,"column":4},"end":{"line":36,"column":5}},"9":{"start":{"line":32,"column":6},"end":{"line":35,"column":8}},"10":{"start":{"line":38,"column":4},"end":{"line":43,"column":5}},"11":{"start":{"line":39,"column":6},"end":{"line":42,"column":8}},"12":{"start":{"line":45,"column":4},"end":{"line":66,"column":5}},"13":{"start":{"line":46,"column":6},"end":{"line":51,"column":7}},"14":{"start":{"line":47,"column":8},"end":{"line":50,"column":10}},"15":{"start":{"line":53,"column":6},"end":{"line":58,"column":7}},"16":{"start":{"line":54,"column":8},"end":{"line":57,"column":10}},"17":{"start":{"line":60,"column":6},"end":{"line":65,"column":7}},"18":{"start":{"line":61,"column":8},"end":{"line":64,"column":10}},"19":{"start":{"line":70,"column":2},"end":{"line":77,"column":3}},"20":{"start":{"line":71,"column":4},"end":{"line":76,"column":5}},"21":{"start":{"line":72,"column":6},"end":{"line":72,"column":32}},"22":{"start":{"line":74,"column":22},"end":{"line":74,"column":70}},"23":{"start":{"line":75,"column":6},"end":{"line":75,"column":79}},"24":{"start":{"line":79,"column":2},"end":{"line":79,"column":25}}},"fnMap":{"0":{"name":"validateFormulaConfig","decl":{"start":{"line":21,"column":16},"end":{"line":21,"column":37}},"loc":{"start":{"line":21,"column":70},"end":{"line":80,"column":1}}}},"branchMap":{"0":{"loc":{"start":{"line":22,"column":2},"end":{"line":24,"column":3}},"type":"if","locations":[{"start":{"line":22,"column":2},"end":{"line":24,"column":3}},{"start":{},"end":{}}]},"1":{"loc":{"start":{"line":22,"column":6},"end":{"line":22,"column":64}},"type":"binary-expr","locations":[{"start":{"line":22,"column":6},"end":{"line":22,"column":27}},{"start":{"line":22,"column":31},"end":{"line":22,"column":64}}]},"2":{"loc":{"start":{"line":27,"column":4},"end":{"line":29,"column":5}},"type":"if","locations":[{"start":{"line":27,"column":4},"end":{"line":29,"column":5}},{"start":{},"end":{}}]},"3":{"loc":{"start":{"line":27,"column":8},"end":{"line":27,"column":53}},"type":"binary-expr","locations":[{"start":{"line":27,"column":8},"end":{"line":27,"column":22}},{"start":{"line":27,"column":26},"end":{"line":27,"column":53}}]},"4":{"loc":{"start":{"line":31,"column":4},"end":{"line":36,"column":5}},"type":"if","locations":[{"start":{"line":31,"column":4},"end":{"line":36,"column":5}},{"start":{},"end":{}}]},"5":{"loc":{"start":{"line":31,"column":8},"end":{"line":31,"column":55}},"type":"binary-expr","locations":[{"start":{"line":31,"column":8},"end":{"line":31,"column":23}},{"start":{"line":31,"column":27},"end":{"line":31,"column":55}}]},"6":{"loc":{"start":{"line":38,"column":4},"end":{"line":43,"column":5}},"type":"if","locations":[{"start":{"line":38,"column":4},"end":{"line":43,"column":5}},{"start":{},"end":{}}]},"7":{"loc":{"start":{"line":46,"column":6},"end":{"line":51,"column":7}},"type":"if","locations":[{"start":{"line":46,"column":6},"end":{"line":51,"column":7}},{"start":{},"end":{}}]},"8":{"loc":{"start":{"line":53,"column":6},"end":{"line":58,"column":7}},"type":"if","locations":[{"start":{"line":53,"column":6},"end":{"line":58,"column":7}},{"start":{},"end":{}}]},"9":{"loc":{"start":{"line":53,"column":10},"end":{"line":53,"column":59}},"type":"binary-expr","locations":[{"start":{"line":53,"column":10},"end":{"line":53,"column":26}},{"start":{"line":53,"column":30},"end":{"line":53,"column":59}}]},"10":{"loc":{"start":{"line":60,"column":6},"end":{"line":65,"column":7}},"type":"if","locations":[{"start":{"line":60,"column":6},"end":{"line":65,"column":7}},{"start":{},"end":{}}]},"11":{"loc":{"start":{"line":70,"column":2},"end":{"line":77,"column":3}},"type":"if","locations":[{"start":{"line":70,"column":2},"end":{"line":77,"column":3}},{"start":{},"end":{}}]},"12":{"loc":{"start":{"line":70,"column":6},"end":{"line":70,"column":52}},"type":"binary-expr","locations":[{"start":{"line":70,"column":6},"end":{"line":70,"column":20}},{"start":{"line":70,"column":24},"end":{"line":70,"column":52}}]},"13":{"loc":{"start":{"line":74,"column":22},"end":{"line":74,"column":70}},"type":"cond-expr","locations":[{"start":{"line":74,"column":45},"end":{"line":74,"column":56}},{"start":{"line":74,"column":59},"end":{"line":74,"column":70}}]}},"s":{"0":3,"1":3,"2":3,"3":23,"4":2,"5":21,"6":23,"7":1,"8":22,"9":1,"10":21,"11":1,"12":20,"13":23,"14":1,"15":22,"16":1,"17":21,"18":1,"19":15,"20":8,"21":8,"22":2,"23":2,"24":13},"f":{"0":23},"b":{"0":[2,21],"1":[23,23],"2":[1,22],"3":[23,22],"4":[1,21],"5":[22,21],"6":[1,20],"7":[1,22],"8":[1,21],"9":[22,21],"10":[1,20],"11":[8,7],"12":[15,8],"13":[2,0]}}
,"/opt/service/workspace/app/src/domain/value-objects/condition.ts": {"path":"/opt/service/workspace/app/src/domain/value-objects/condition.ts","statementMap":{"0":{"start":{"line":15,"column":0},"end":{"line":15,"column":16}},"1":{"start":{"line":16,"column":46},"end":{"line":16,"column":55}},"2":{"start":{"line":19,"column":28},"end":{"line":19,"column":45}},"3":{"start":{"line":21,"column":28},"end":{"line":21,"column":49}},"4":{"start":{"line":23,"column":4},"end":{"line":27,"column":27}},"5":{"start":{"line":29,"column":2},"end":{"line":61,"column":3}},"6":{"start":{"line":31,"column":6},"end":{"line":31,"column":86}},"7":{"start":{"line":34,"column":6},"end":{"line":34,"column":86}},"8":{"start":{"line":40,"column":23},"end":{"line":40,"column":52}},"9":{"start":{"line":41,"column":22},"end":{"line":41,"column":56}},"10":{"start":{"line":43,"column":6},"end":{"line":49,"column":7}},"11":{"start":{"line":45,"column":8},"end":{"line":45,"column":56}},"12":{"start":{"line":45,"column":30},"end":{"line":45,"column":56}},"13":{"start":{"line":46,"column":8},"end":{"line":46,"column":56}},"14":{"start":{"line":46,"column":30},"end":{"line":46,"column":56}},"15":{"start":{"line":47,"column":8},"end":{"line":47,"column":58}},"16":{"start":{"line":47,"column":31},"end":{"line":47,"column":58}},"17":{"start":{"line":48,"column":8},"end":{"line":48,"column":35}},"18":{"start":{"line":52,"column":18},"end":{"line":52,"column":73}},"19":{"start":{"line":53,"column":6},"end":{"line":53,"column":43}},"20":{"start":{"line":53,"column":28},"end":{"line":53,"column":43}},"21":{"start":{"line":54,"column":6},"end":{"line":54,"column":43}},"22":{"start":{"line":54,"column":28},"end":{"line":54,"column":43}},"23":{"start":{"line":55,"column":6},"end":{"line":55,"column":45}},"24":{"start":{"line":55,"column":29},"end":{"line":55,"column":45}},"25":{"start":{"line":56,"column":6},"end":{"line":56,"column":22}},"26":{"start":{"line":60,"column":6},"end":{"line":60,"column":19}}},"fnMap":{"0":{"name":"evaluateCondition","decl":{"start":{"line":15,"column":16},"end":{"line":15,"column":33}},"loc":{"start":{"line":15,"column":74},"end":{"line":62,"column":1}}}},"branchMap":{"0":{"loc":{"start":{"line":23,"column":4},"end":{"line":27,"column":27}},"type":"cond-expr","locations":[{"start":{"line":24,"column":8},"end":{"line":24,"column":38}},{"start":{"line":25,"column":8},"end":{"line":27,"column":27}}]},"1":{"loc":{"start":{"line":23,"column":4},"end":{"line":23,"column":104}},"type":"binary-expr","locations":[{"start":{"line":23,"column":4},"end":{"line":23,"column":37}},{"start":{"line":23,"column":41},"end":{"line":23,"column":72}},{"start":{"line":23,"column":76},"end":{"line":23,"column":104}}]},"2":{"loc":{"start":{"line":25,"column":8},"end":{"line":27,"column":27}},"type":"cond-expr","locations":[{"start":{"line":26,"column":10},"end":{"line":26,"column":40}},{"start":{"line":27,"column":10},"end":{"line":27,"column":27}}]},"3":{"loc":{"start":{"line":25,"column":8},"end":{"line":25,"column":108}},"type":"binary-expr","locations":[{"start":{"line":25,"column":8},"end":{"line":25,"column":41}},{"start":{"line":25,"column":45},"end":{"line":25,"column":76}},{"start":{"line":25,"column":80},"end":{"line":25,"column":108}}]},"4":{"loc":{"start":{"line":29,"column":2},"end":{"line":61,"column":3}},"type":"switch","locations":[{"start":{"line":30,"column":4},"end":{"line":31,"column":86}},{"start":{"line":33,"column":4},"end":{"line":34,"column":86}},{"start":{"line":36,"column":4},"end":{"line":36,"column":13}},{"start":{"line":37,"column":4},"end":{"line":37,"column":13}},{"start":{"line":38,"column":4},"end":{"line":38,"column":14}},{"start":{"line":39,"column":4},"end":{"line":57,"column":5}},{"start":{"line":59,"column":4},"end":{"line":60,"column":19}}]},"5":{"loc":{"start":{"line":43,"column":6},"end":{"line":49,"column":7}},"type":"if","locations":[{"start":{"line":43,"column":6},"end":{"line":49,"column":7}},{"start":{},"end":{}}]},"6":{"loc":{"start":{"line":43,"column":10},"end":{"line":43,"column":45}},"type":"binary-expr","locations":[{"start":{"line":43,"column":10},"end":{"line":43,"column":26}},{"start":{"line":43,"column":30},"end":{"line":43,"column":45}}]},"7":{"loc":{"start":{"line":45,"column":8},"end":{"line":45,"column":56}},"type":"if","locations":[{"start":{"line":45,"column":8},"end":{"line":45,"column":56}},{"start":{},"end":{}}]},"8":{"loc":{"start":{"line":46,"column":8},"end":{"line":46,"column":56}},"type":"if","locations":[{"start":{"line":46,"column":8},"end":{"line":46,"column":56}},{"start":{},"end":{}}]},"9":{"loc":{"start":{"line":47,"column":8},"end":{"line":47,"column":58}},"type":"if","locations":[{"start":{"line":47,"column":8},"end":{"line":47,"column":58}},{"start":{},"end":{}}]},"10":{"loc":{"start":{"line":53,"column":6},"end":{"line":53,"column":43}},"type":"if","locations":[{"start":{"line":53,"column":6},"end":{"line":53,"column":43}},{"start":{},"end":{}}]},"11":{"loc":{"start":{"line":54,"column":6},"end":{"line":54,"column":43}},"type":"if","locations":[{"start":{"line":54,"column":6},"end":{"line":54,"column":43}},{"start":{},"end":{}}]},"12":{"loc":{"start":{"line":55,"column":6},"end":{"line":55,"column":45}},"type":"if","locations":[{"start":{"line":55,"column":6},"end":{"line":55,"column":45}},{"start":{},"end":{}}]}},"s":{"0":4,"1":52,"2":52,"3":52,"4":52,"5":52,"6":29,"7":5,"8":17,"9":17,"10":17,"11":14,"12":4,"13":10,"14":3,"15":7,"16":3,"17":4,"18":3,"19":3,"20":3,"21":0,"22":0,"23":0,"24":0,"25":0,"26":1},"f":{"0":52},"b":{"0":[4,48],"1":[52,5,4],"2":[1,47],"3":[48,1,1],"4":[29,5,7,10,13,17,1],"5":[14,3],"6":[17,14],"7":[4,10],"8":[3,7],"9":[3,4],"10":[3,0],"11":[0,0],"12":[0,0]}}
,"/opt/service/workspace/app/src/frontend/calculatedFieldConfig.tsx": {"path":"/opt/service/workspace/app/src/frontend/calculatedFieldConfig.tsx","statementMap":{"0":{"start":{"line":1,"column":0},"end":{"line":1,"column":51}},"1":{"start":{"line":2,"column":0},"end":{"line":2,"column":null}},"2":{"start":{"line":19,"column":0},"end":{"line":19,"column":45}},"3":{"start":{"line":40,"column":2},"end":{"line":40,"column":59}},"4":{"start":{"line":46,"column":25},"end":{"line":46,"column":39}},"5":{"start":{"line":48,"column":48},"end":{"line":54,"column":2}},"6":{"start":{"line":56,"column":43},"end":{"line":75,"column":2}},"7":{"start":{"line":80,"column":23},"end":{"line":80,"column":53}},"8":{"start":{"line":82,"column":18},"end":{"line":89,"column":2}},"9":{"start":{"line":91,"column":21},"end":{"line":91,"column":56}},"10":{"start":{"line":96,"column":25},"end":{"line":103,"column":2}},"11":{"start":{"line":108,"column":22},"end":{"line":115,"column":2}},"12":{"start":{"line":128,"column":18},"end":{"line":249,"column":1}},"13":{"start":{"line":135,"column":40},"end":{"line":135,"column":61}},"14":{"start":{"line":136,"column":34},"end":{"line":136,"column":54}},"15":{"start":{"line":137,"column":34},"end":{"line":137,"column":55}},"16":{"start":{"line":139,"column":24},"end":{"line":154,"column":5}},"17":{"start":{"line":139,"column":68},"end":{"line":154,"column":4}},"18":{"start":{"line":148,"column":53},"end":{"line":148,"column":75}},"19":{"start":{"line":156,"column":29},"end":{"line":166,"column":3}},"20":{"start":{"line":157,"column":21},"end":{"line":157,"column":41}},"21":{"start":{"line":158,"column":4},"end":{"line":158,"column":52}},"22":{"start":{"line":158,"column":45},"end":{"line":158,"column":52}},"23":{"start":{"line":159,"column":4},"end":{"line":163,"column":7}},"24":{"start":{"line":164,"column":4},"end":{"line":164,"column":20}},"25":{"start":{"line":165,"column":4},"end":{"line":165,"column":21}},"26":{"start":{"line":168,"column":2},"end":{"line":248,"column":4}},"27":{"start":{"line":199,"column":54},"end":{"line":199,"column":77}},"28":{"start":{"line":200,"column":37},"end":{"line":200,"column":96}},"29":{"start":{"line":209,"column":35},"end":{"line":209,"column":99}},"30":{"start":{"line":222,"column":35},"end":{"line":222,"column":100}},"31":{"start":{"line":242,"column":14},"end":{"line":242,"column":105}},"32":{"start":{"line":254,"column":30},"end":{"line":576,"column":1}},"33":{"start":{"line":255,"column":32},"end":{"line":255,"column":55}},"34":{"start":{"line":256,"column":48},"end":{"line":256,"column":78}},"35":{"start":{"line":257,"column":30},"end":{"line":257,"column":66}},"36":{"start":{"line":258,"column":50},"end":{"line":258,"column":70}},"37":{"start":{"line":259,"column":32},"end":{"line":259,"column":52}},"38":{"start":{"line":260,"column":38},"end":{"line":260,"column":84}},"39":{"start":{"line":261,"column":36},"end":{"line":261,"column":56}},"40":{"start":{"line":262,"column":32},"end":{"line":262,"column":52}},"41":{"start":{"line":263,"column":46},"end":{"line":263,"column":65}},"42":{"start":{"line":265,"column":2},"end":{"line":333,"column":9}},"43":{"start":{"line":266,"column":17},"end":{"line":331,"column":5}},"44":{"start":{"line":267,"column":6},"end":{"line":330,"column":7}},"45":{"start":{"line":268,"column":20},"end":{"line":268,"column":43}},"46":{"start":{"line":269,"column":26},"end":{"line":269,"column":74}},"47":{"start":{"line":271,"column":8},"end":{"line":279,"column":9}},"48":{"start":{"line":272,"column":10},"end":{"line":272,"column":52}},"49":{"start":{"line":273,"column":10},"end":{"line":273,"column":41}},"50":{"start":{"line":274,"column":10},"end":{"line":274,"column":50}},"51":{"start":{"line":275,"column":10},"end":{"line":275,"column":50}},"52":{"start":{"line":276,"column":10},"end":{"line":276,"column":64}},"53":{"start":{"line":277,"column":10},"end":{"line":277,"column":28}},"54":{"start":{"line":278,"column":10},"end":{"line":278,"column":17}},"55":{"start":{"line":282,"column":8},"end":{"line":282,"column":98}},"56":{"start":{"line":284,"column":21},"end":{"line":293,"column":26}},"57":{"start":{"line":295,"column":28},"end":{"line":295,"column":62}},"58":{"start":{"line":298,"column":31},"end":{"line":298,"column":96}},"59":{"start":{"line":300,"column":8},"end":{"line":300,"column":98}},"60":{"start":{"line":302,"column":8},"end":{"line":302,"column":24}},"61":{"start":{"line":303,"column":8},"end":{"line":303,"column":34}},"62":{"start":{"line":305,"column":41},"end":{"line":308,"column":10}},"63":{"start":{"line":310,"column":8},"end":{"line":310,"column":41}},"64":{"start":{"line":311,"column":8},"end":{"line":323,"column":9}},"65":{"start":{"line":312,"column":10},"end":{"line":312,"column":36}},"66":{"start":{"line":313,"column":10},"end":{"line":313,"column":45}},"67":{"start":{"line":315,"column":10},"end":{"line":322,"column":13}},"68":{"start":{"line":325,"column":8},"end":{"line":325,"column":52}},"69":{"start":{"line":326,"column":8},"end":{"line":326,"column":77}},"70":{"start":{"line":327,"column":8},"end":{"line":327,"column":31}},"71":{"start":{"line":329,"column":8},"end":{"line":329,"column":26}},"72":{"start":{"line":332,"column":4},"end":{"line":332,"column":11}},"73":{"start":{"line":335,"column":23},"end":{"line":338,"column":5}},"74":{"start":{"line":335,"column":59},"end":{"line":338,"column":4}},"75":{"start":{"line":340,"column":25},"end":{"line":354,"column":3}},"76":{"start":{"line":341,"column":4},"end":{"line":341,"column":45}},"77":{"start":{"line":341,"column":38},"end":{"line":341,"column":45}},"78":{"start":{"line":342,"column":20},"end":{"line":342,"column":93}},"79":{"start":{"line":342,"column":61},"end":{"line":342,"column":92}},"80":{"start":{"line":343,"column":4},"end":{"line":343,"column":24}},"81":{"start":{"line":343,"column":17},"end":{"line":343,"column":24}},"82":{"start":{"line":344,"column":18},"end":{"line":344,"column":73}},"83":{"start":{"line":344,"column":46},"end":{"line":344,"column":72}},"84":{"start":{"line":345,"column":4},"end":{"line":345,"column":23}},"85":{"start":{"line":345,"column":16},"end":{"line":345,"column":23}},"86":{"start":{"line":346,"column":31},"end":{"line":351,"column":6}},"87":{"start":{"line":352,"column":4},"end":{"line":352,"column":88}},"88":{"start":{"line":353,"column":4},"end":{"line":353,"column":28}},"89":{"start":{"line":356,"column":28},"end":{"line":362,"column":3}},"90":{"start":{"line":357,"column":4},"end":{"line":357,"column":24}},"91":{"start":{"line":357,"column":17},"end":{"line":357,"column":24}},"92":{"start":{"line":358,"column":4},"end":{"line":361,"column":7}},"93":{"start":{"line":360,"column":64},"end":{"line":360,"column":87}},"94":{"start":{"line":364,"column":29},"end":{"line":374,"column":3}},"95":{"start":{"line":365,"column":4},"end":{"line":365,"column":24}},"96":{"start":{"line":365,"column":17},"end":{"line":365,"column":24}},"97":{"start":{"line":366,"column":4},"end":{"line":373,"column":7}},"98":{"start":{"line":369,"column":8},"end":{"line":371,"column":13}},"99":{"start":{"line":376,"column":32},"end":{"line":386,"column":3}},"100":{"start":{"line":377,"column":4},"end":{"line":377,"column":24}},"101":{"start":{"line":377,"column":17},"end":{"line":377,"column":24}},"102":{"start":{"line":378,"column":4},"end":{"line":385,"column":7}},"103":{"start":{"line":381,"column":8},"end":{"line":383,"column":13}},"104":{"start":{"line":382,"column":70},"end":{"line":382,"column":85}},"105":{"start":{"line":388,"column":35},"end":{"line":396,"column":3}},"106":{"start":{"line":389,"column":4},"end":{"line":389,"column":24}},"107":{"start":{"line":389,"column":17},"end":{"line":389,"column":24}},"108":{"start":{"line":390,"column":4},"end":{"line":395,"column":7}},"109":{"start":{"line":393,"column":8},"end":{"line":393,"column":67}},"110":{"start":{"line":398,"column":21},"end":{"line":432,"column":3}},"111":{"start":{"line":399,"column":4},"end":{"line":399,"column":24}},"112":{"start":{"line":399,"column":17},"end":{"line":399,"column":24}},"113":{"start":{"line":400,"column":4},"end":{"line":400,"column":26}},"114":{"start":{"line":401,"column":4},"end":{"line":431,"column":5}},"115":{"start":{"line":402,"column":18},"end":{"line":402,"column":41}},"116":{"start":{"line":403,"column":24},"end":{"line":403,"column":72}},"117":{"start":{"line":405,"column":6},"end":{"line":408,"column":7}},"118":{"start":{"line":406,"column":8},"end":{"line":406,"column":33}},"119":{"start":{"line":407,"column":8},"end":{"line":407,"column":15}},"120":{"start":{"line":410,"column":18},"end":{"line":410,"column":42}},"121":{"start":{"line":411,"column":37},"end":{"line":418,"column":8}},"122":{"start":{"line":419,"column":21},"end":{"line":419,"column":103}},"123":{"start":{"line":420,"column":6},"end":{"line":426,"column":7}},"124":{"start":{"line":421,"column":8},"end":{"line":421,"column":33}},"125":{"start":{"line":422,"column":8},"end":{"line":422,"column":25}},"126":{"start":{"line":424,"column":8},"end":{"line":424,"column":31}},"127":{"start":{"line":425,"column":8},"end":{"line":425,"column":76}},"128":{"start":{"line":428,"column":6},"end":{"line":428,"column":50}},"129":{"start":{"line":429,"column":6},"end":{"line":429,"column":29}},"130":{"start":{"line":430,"column":6},"end":{"line":430,"column":75}},"131":{"start":{"line":434,"column":22},"end":{"line":437,"column":3}},"132":{"start":{"line":435,"column":4},"end":{"line":435,"column":26}},"133":{"start":{"line":436,"column":4},"end":{"line":436,"column":21}},"134":{"start":{"line":439,"column":2},"end":{"line":445,"column":3}},"135":{"start":{"line":440,"column":4},"end":{"line":444,"column":6}},"136":{"start":{"line":447,"column":2},"end":{"line":575,"column":4}},"137":{"start":{"line":462,"column":50},"end":{"line":462,"column":78}},"138":{"start":{"line":463,"column":37},"end":{"line":463,"column":100}},"139":{"start":{"line":482,"column":18},"end":{"line":483,"column":null}},"140":{"start":{"line":485,"column":41},"end":{"line":485,"column":73}},"141":{"start":{"line":486,"column":46},"end":{"line":486,"column":85}},"142":{"start":{"line":487,"column":48},"end":{"line":487,"column":89}},"143":{"start":{"line":488,"column":53},"end":{"line":488,"column":99}},"144":{"start":{"line":501,"column":20},"end":{"line":501,"column":48}},"145":{"start":{"line":530,"column":31},"end":{"line":530,"column":94}},"146":{"start":{"line":578,"column":0},"end":{"line":578,"column":50}}},"fnMap":{"0":{"name":"getVariableName","decl":{"start":{"line":39,"column":9},"end":{"line":39,"column":24}},"loc":{"start":{"line":39,"column":41},"end":{"line":41,"column":1}}},"1":{"name":"(anonymous_10)","decl":{"start":{"line":128,"column":18},"end":{"line":128,"column":19}},"loc":{"start":{"line":134,"column":34},"end":{"line":249,"column":1}}},"2":{"name":"(anonymous_11)","decl":{"start":{"line":139,"column":52},"end":{"line":139,"column":53}},"loc":{"start":{"line":139,"column":68},"end":{"line":154,"column":4}}},"3":{"name":"(anonymous_12)","decl":{"start":{"line":148,"column":47},"end":{"line":148,"column":50}},"loc":{"start":{"line":148,"column":53},"end":{"line":148,"column":75}}},"4":{"name":"(anonymous_13)","decl":{"start":{"line":156,"column":29},"end":{"line":156,"column":32}},"loc":{"start":{"line":156,"column":34},"end":{"line":166,"column":3}}},"5":{"name":"(anonymous_14)","decl":{"start":{"line":199,"column":47},"end":{"line":199,"column":48}},"loc":{"start":{"line":199,"column":54},"end":{"line":199,"column":77}}},"6":{"name":"(anonymous_15)","decl":{"start":{"line":200,"column":28},"end":{"line":200,"column":29}},"loc":{"start":{"line":200,"column":37},"end":{"line":200,"column":96}}},"7":{"name":"(anonymous_16)","decl":{"start":{"line":209,"column":28},"end":{"line":209,"column":29}},"loc":{"start":{"line":209,"column":35},"end":{"line":209,"column":99}}},"8":{"name":"(anonymous_17)","decl":{"start":{"line":222,"column":28},"end":{"line":222,"column":29}},"loc":{"start":{"line":222,"column":35},"end":{"line":222,"column":100}}},"9":{"name":"(anonymous_18)","decl":{"start":{"line":241,"column":22},"end":{"line":241,"column":23}},"loc":{"start":{"line":242,"column":14},"end":{"line":242,"column":105}}},"10":{"name":"(anonymous_19)","decl":{"start":{"line":254,"column":30},"end":{"line":254,"column":46}},"loc":{"start":{"line":254,"column":48},"end":{"line":576,"column":1}}},"11":{"name":"(anonymous_20)","decl":{"start":{"line":265,"column":12},"end":{"line":265,"column":15}},"loc":{"start":{"line":265,"column":17},"end":{"line":333,"column":3}}},"12":{"name":"(anonymous_21)","decl":{"start":{"line":266,"column":17},"end":{"line":266,"column":22}},"loc":{"start":{"line":266,"column":28},"end":{"line":331,"column":5}}},"13":{"name":"(anonymous_22)","decl":{"start":{"line":335,"column":51},"end":{"line":335,"column":52}},"loc":{"start":{"line":335,"column":59},"end":{"line":338,"column":4}}},"14":{"name":"(anonymous_23)","decl":{"start":{"line":340,"column":25},"end":{"line":340,"column":28}},"loc":{"start":{"line":340,"column":30},"end":{"line":354,"column":3}}},"15":{"name":"(anonymous_24)","decl":{"start":{"line":342,"column":54},"end":{"line":342,"column":55}},"loc":{"start":{"line":342,"column":61},"end":{"line":342,"column":92}}},"16":{"name":"(anonymous_25)","decl":{"start":{"line":344,"column":39},"end":{"line":344,"column":40}},"loc":{"start":{"line":344,"column":46},"end":{"line":344,"column":72}}},"17":{"name":"(anonymous_26)","decl":{"start":{"line":356,"column":28},"end":{"line":356,"column":29}},"loc":{"start":{"line":356,"column":49},"end":{"line":362,"column":3}}},"18":{"name":"(anonymous_27)","decl":{"start":{"line":360,"column":57},"end":{"line":360,"column":58}},"loc":{"start":{"line":360,"column":64},"end":{"line":360,"column":87}}},"19":{"name":"(anonymous_28)","decl":{"start":{"line":364,"column":29},"end":{"line":364,"column":30}},"loc":{"start":{"line":364,"column":72},"end":{"line":374,"column":3}}},"20":{"name":"(anonymous_29)","decl":{"start":{"line":368,"column":54},"end":{"line":368,"column":55}},"loc":{"start":{"line":369,"column":8},"end":{"line":371,"column":13}}},"21":{"name":"(anonymous_30)","decl":{"start":{"line":376,"column":32},"end":{"line":376,"column":33}},"loc":{"start":{"line":376,"column":72},"end":{"line":386,"column":3}}},"22":{"name":"(anonymous_31)","decl":{"start":{"line":380,"column":54},"end":{"line":380,"column":55}},"loc":{"start":{"line":381,"column":8},"end":{"line":383,"column":13}}},"23":{"name":"(anonymous_32)","decl":{"start":{"line":382,"column":60},"end":{"line":382,"column":61}},"loc":{"start":{"line":382,"column":70},"end":{"line":382,"column":85}}},"24":{"name":"(anonymous_33)","decl":{"start":{"line":388,"column":35},"end":{"line":388,"column":36}},"loc":{"start":{"line":388,"column":71},"end":{"line":396,"column":3}}},"25":{"name":"(anonymous_34)","decl":{"start":{"line":392,"column":54},"end":{"line":392,"column":55}},"loc":{"start":{"line":393,"column":8},"end":{"line":393,"column":67}}},"26":{"name":"(anonymous_35)","decl":{"start":{"line":398,"column":21},"end":{"line":398,"column":26}},"loc":{"start":{"line":398,"column":32},"end":{"line":432,"column":3}}},"27":{"name":"(anonymous_36)","decl":{"start":{"line":434,"column":22},"end":{"line":434,"column":25}},"loc":{"start":{"line":434,"column":27},"end":{"line":437,"column":3}}},"28":{"name":"(anonymous_37)","decl":{"start":{"line":462,"column":43},"end":{"line":462,"column":44}},"loc":{"start":{"line":462,"column":50},"end":{"line":462,"column":78}}},"29":{"name":"(anonymous_38)","decl":{"start":{"line":463,"column":28},"end":{"line":463,"column":29}},"loc":{"start":{"line":463,"column":37},"end":{"line":463,"column":100}}},"30":{"name":"(anonymous_39)","decl":{"start":{"line":481,"column":51},"end":{"line":481,"column":52}},"loc":{"start":{"line":482,"column":18},"end":{"line":483,"column":null}}},"31":{"name":"(anonymous_40)","decl":{"start":{"line":485,"column":35},"end":{"line":485,"column":38}},"loc":{"start":{"line":485,"column":41},"end":{"line":485,"column":73}}},"32":{"name":"(anonymous_41)","decl":{"start":{"line":486,"column":36},"end":{"line":486,"column":37}},"loc":{"start":{"line":486,"column":46},"end":{"line":486,"column":85}}},"33":{"name":"(anonymous_42)","decl":{"start":{"line":487,"column":39},"end":{"line":487,"column":40}},"loc":{"start":{"line":487,"column":48},"end":{"line":487,"column":89}}},"34":{"name":"(anonymous_43)","decl":{"start":{"line":488,"column":42},"end":{"line":488,"column":43}},"loc":{"start":{"line":488,"column":53},"end":{"line":488,"column":99}}},"35":{"name":"(anonymous_44)","decl":{"start":{"line":500,"column":53},"end":{"line":500,"column":54}},"loc":{"start":{"line":501,"column":20},"end":{"line":501,"column":48}}},"36":{"name":"(anonymous_45)","decl":{"start":{"line":530,"column":24},"end":{"line":530,"column":25}},"loc":{"start":{"line":530,"column":31},"end":{"line":530,"column":94}}}},"branchMap":{"0":{"loc":{"start":{"line":139,"column":25},"end":{"line":139,"column":46}},"type":"binary-expr","locations":[{"start":{"line":139,"column":25},"end":{"line":139,"column":40}},{"start":{"line":139,"column":44},"end":{"line":139,"column":46}}]},"1":{"loc":{"start":{"line":158,"column":4},"end":{"line":158,"column":52}},"type":"if","locations":[{"start":{"line":158,"column":4},"end":{"line":158,"column":52}},{"start":{},"end":{}}]},"2":{"loc":{"start":{"line":158,"column":8},"end":{"line":158,"column":43}},"type":"binary-expr","locations":[{"start":{"line":158,"column":8},"end":{"line":158,"column":24}},{"start":{"line":158,"column":28},"end":{"line":158,"column":43}}]},"3":{"loc":{"start":{"line":199,"column":25},"end":{"line":199,"column":101}},"type":"binary-expr","locations":[{"start":{"line":199,"column":25},"end":{"line":199,"column":78}},{"start":{"line":199,"column":82},"end":{"line":199,"column":101}}]},"4":{"loc":{"start":{"line":200,"column":60},"end":{"line":200,"column":94}},"type":"binary-expr","locations":[{"start":{"line":200,"column":60},"end":{"line":200,"column":87}},{"start":{"line":200,"column":91},"end":{"line":200,"column":94}}]},"5":{"loc":{"start":{"line":209,"column":55},"end":{"line":209,"column":97}},"type":"binary-expr","locations":[{"start":{"line":209,"column":55},"end":{"line":209,"column":91}},{"start":{"line":209,"column":95},"end":{"line":209,"column":97}}]},"6":{"loc":{"start":{"line":222,"column":55},"end":{"line":222,"column":98}},"type":"binary-expr","locations":[{"start":{"line":222,"column":55},"end":{"line":222,"column":91}},{"start":{"line":222,"column":95},"end":{"line":222,"column":98}}]},"7":{"loc":{"start":{"line":242,"column":35},"end":{"line":242,"column":104}},"type":"binary-expr","locations":[{"start":{"line":242,"column":35},"end":{"line":242,"column":99}},{"start":{"line":242,"column":103},"end":{"line":242,"column":104}}]},"8":{"loc":{"start":{"line":242,"column":54},"end":{"line":242,"column":97}},"type":"binary-expr","locations":[{"start":{"line":242,"column":54},"end":{"line":242,"column":90}},{"start":{"line":242,"column":94},"end":{"line":242,"column":97}}]},"9":{"loc":{"start":{"line":269,"column":26},"end":{"line":269,"column":74}},"type":"binary-expr","locations":[{"start":{"line":269,"column":26},"end":{"line":269,"column":38}},{"start":{"line":269,"column":42},"end":{"line":269,"column":74}}]},"10":{"loc":{"start":{"line":271,"column":8},"end":{"line":279,"column":9}},"type":"if","locations":[{"start":{"line":271,"column":8},"end":{"line":279,"column":9}},{"start":{},"end":{}}]},"11":{"loc":{"start":{"line":284,"column":21},"end":{"line":293,"column":26}},"type":"binary-expr","locations":[{"start":{"line":284,"column":21},"end":{"line":293,"column":20}},{"start":{"line":293,"column":24},"end":{"line":293,"column":26}}]},"12":{"loc":{"start":{"line":295,"column":28},"end":{"line":295,"column":62}},"type":"binary-expr","locations":[{"start":{"line":295,"column":28},"end":{"line":295,"column":39}},{"start":{"line":295,"column":43},"end":{"line":295,"column":56}},{"start":{"line":295,"column":60},"end":{"line":295,"column":62}}]},"13":{"loc":{"start":{"line":298,"column":31},"end":{"line":298,"column":96}},"type":"binary-expr","locations":[{"start":{"line":298,"column":31},"end":{"line":298,"column":50}},{"start":{"line":298,"column":54},"end":{"line":298,"column":72}},{"start":{"line":298,"column":76},"end":{"line":298,"column":91}},{"start":{"line":298,"column":95},"end":{"line":298,"column":96}}]},"14":{"loc":{"start":{"line":310,"column":27},"end":{"line":310,"column":39}},"type":"binary-expr","locations":[{"start":{"line":310,"column":27},"end":{"line":310,"column":33}},{"start":{"line":310,"column":37},"end":{"line":310,"column":39}}]},"15":{"loc":{"start":{"line":311,"column":8},"end":{"line":323,"column":9}},"type":"if","locations":[{"start":{"line":311,"column":8},"end":{"line":323,"column":9}},{"start":{"line":314,"column":15},"end":{"line":323,"column":9}}]},"16":{"loc":{"start":{"line":335,"column":24},"end":{"line":335,"column":45}},"type":"binary-expr","locations":[{"start":{"line":335,"column":24},"end":{"line":335,"column":39}},{"start":{"line":335,"column":43},"end":{"line":335,"column":45}}]},"17":{"loc":{"start":{"line":341,"column":4},"end":{"line":341,"column":45}},"type":"if","locations":[{"start":{"line":341,"column":4},"end":{"line":341,"column":45}},{"start":{},"end":{}}]},"18":{"loc":{"start":{"line":341,"column":8},"end":{"line":341,"column":36}},"type":"binary-expr","locations":[{"start":{"line":341,"column":8},"end":{"line":341,"column":25}},{"start":{"line":341,"column":29},"end":{"line":341,"column":36}}]},"19":{"loc":{"start":{"line":342,"column":21},"end":{"line":342,"column":47}},"type":"binary-expr","locations":[{"start":{"line":342,"column":21},"end":{"line":342,"column":41}},{"start":{"line":342,"column":45},"end":{"line":342,"column":47}}]},"20":{"loc":{"start":{"line":343,"column":4},"end":{"line":343,"column":24}},"type":"if","locations":[{"start":{"line":343,"column":4},"end":{"line":343,"column":24}},{"start":{},"end":{}}]},"21":{"loc":{"start":{"line":345,"column":4},"end":{"line":345,"column":23}},"type":"if","locations":[{"start":{"line":345,"column":4},"end":{"line":345,"column":23}},{"start":{},"end":{}}]},"22":{"loc":{"start":{"line":352,"column":47},"end":{"line":352,"column":73}},"type":"binary-expr","locations":[{"start":{"line":352,"column":47},"end":{"line":352,"column":67}},{"start":{"line":352,"column":71},"end":{"line":352,"column":73}}]},"23":{"loc":{"start":{"line":357,"column":4},"end":{"line":357,"column":24}},"type":"if","locations":[{"start":{"line":357,"column":4},"end":{"line":357,"column":24}},{"start":{},"end":{}}]},"24":{"loc":{"start":{"line":360,"column":22},"end":{"line":360,"column":48}},"type":"binary-expr","locations":[{"start":{"line":360,"column":22},"end":{"line":360,"column":42}},{"start":{"line":360,"column":46},"end":{"line":360,"column":48}}]},"25":{"loc":{"start":{"line":365,"column":4},"end":{"line":365,"column":24}},"type":"if","locations":[{"start":{"line":365,"column":4},"end":{"line":365,"column":24}},{"start":{},"end":{}}]},"26":{"loc":{"start":{"line":368,"column":22},"end":{"line":368,"column":48}},"type":"binary-expr","locations":[{"start":{"line":368,"column":22},"end":{"line":368,"column":42}},{"start":{"line":368,"column":46},"end":{"line":368,"column":48}}]},"27":{"loc":{"start":{"line":369,"column":8},"end":{"line":371,"column":13}},"type":"cond-expr","locations":[{"start":{"line":370,"column":12},"end":{"line":370,"column":70}},{"start":{"line":371,"column":12},"end":{"line":371,"column":13}}]},"28":{"loc":{"start":{"line":370,"column":37},"end":{"line":370,"column":55}},"type":"binary-expr","locations":[{"start":{"line":370,"column":37},"end":{"line":370,"column":49}},{"start":{"line":370,"column":53},"end":{"line":370,"column":55}}]},"29":{"loc":{"start":{"line":377,"column":4},"end":{"line":377,"column":24}},"type":"if","locations":[{"start":{"line":377,"column":4},"end":{"line":377,"column":24}},{"start":{},"end":{}}]},"30":{"loc":{"start":{"line":380,"column":22},"end":{"line":380,"column":48}},"type":"binary-expr","locations":[{"start":{"line":380,"column":22},"end":{"line":380,"column":42}},{"start":{"line":380,"column":46},"end":{"line":380,"column":48}}]},"31":{"loc":{"start":{"line":381,"column":8},"end":{"line":383,"column":13}},"type":"cond-expr","locations":[{"start":{"line":382,"column":12},"end":{"line":382,"column":88}},{"start":{"line":383,"column":12},"end":{"line":383,"column":13}}]},"32":{"loc":{"start":{"line":382,"column":33},"end":{"line":382,"column":51}},"type":"binary-expr","locations":[{"start":{"line":382,"column":33},"end":{"line":382,"column":45}},{"start":{"line":382,"column":49},"end":{"line":382,"column":51}}]},"33":{"loc":{"start":{"line":389,"column":4},"end":{"line":389,"column":24}},"type":"if","locations":[{"start":{"line":389,"column":4},"end":{"line":389,"column":24}},{"start":{},"end":{}}]},"34":{"loc":{"start":{"line":392,"column":22},"end":{"line":392,"column":48}},"type":"binary-expr","locations":[{"start":{"line":392,"column":22},"end":{"line":392,"column":42}},{"start":{"line":392,"column":46},"end":{"line":392,"column":48}}]},"35":{"loc":{"start":{"line":393,"column":8},"end":{"line":393,"column":67}},"type":"cond-expr","locations":[{"start":{"line":393,"column":34},"end":{"line":393,"column":63}},{"start":{"line":393,"column":66},"end":{"line":393,"column":67}}]},"36":{"loc":{"start":{"line":399,"column":4},"end":{"line":399,"column":24}},"type":"if","locations":[{"start":{"line":399,"column":4},"end":{"line":399,"column":24}},{"start":{},"end":{}}]},"37":{"loc":{"start":{"line":403,"column":24},"end":{"line":403,"column":72}},"type":"binary-expr","locations":[{"start":{"line":403,"column":24},"end":{"line":403,"column":36}},{"start":{"line":403,"column":40},"end":{"line":403,"column":72}}]},"38":{"loc":{"start":{"line":405,"column":6},"end":{"line":408,"column":7}},"type":"if","locations":[{"start":{"line":405,"column":6},"end":{"line":408,"column":7}},{"start":{},"end":{}}]},"39":{"loc":{"start":{"line":417,"column":19},"end":{"line":417,"column":42}},"type":"binary-expr","locations":[{"start":{"line":417,"column":19},"end":{"line":417,"column":35}},{"start":{"line":417,"column":39},"end":{"line":417,"column":42}}]},"40":{"loc":{"start":{"line":420,"column":6},"end":{"line":426,"column":7}},"type":"if","locations":[{"start":{"line":420,"column":6},"end":{"line":426,"column":7}},{"start":{"line":423,"column":13},"end":{"line":426,"column":7}}]},"41":{"loc":{"start":{"line":425,"column":21},"end":{"line":425,"column":74}},"type":"binary-expr","locations":[{"start":{"line":425,"column":21},"end":{"line":425,"column":33}},{"start":{"line":425,"column":37},"end":{"line":425,"column":74}}]},"42":{"loc":{"start":{"line":439,"column":2},"end":{"line":445,"column":3}},"type":"if","locations":[{"start":{"line":439,"column":2},"end":{"line":445,"column":3}},{"start":{},"end":{}}]},"43":{"loc":{"start":{"line":462,"column":25},"end":{"line":462,"column":87}},"type":"binary-expr","locations":[{"start":{"line":462,"column":25},"end":{"line":462,"column":79}},{"start":{"line":462,"column":83},"end":{"line":462,"column":87}}]},"44":{"loc":{"start":{"line":463,"column":65},"end":{"line":463,"column":98}},"type":"binary-expr","locations":[{"start":{"line":463,"column":65},"end":{"line":463,"column":92}},{"start":{"line":463,"column":96},"end":{"line":463,"column":98}}]},"45":{"loc":{"start":{"line":475,"column":13},"end":{"line":491,"column":null}},"type":"cond-expr","locations":[{"start":{"line":476,"column":14},"end":{"line":477,"column":null}},{"start":{"line":480,"column":14},"end":{"line":490,"column":null}}]},"46":{"loc":{"start":{"line":475,"column":14},"end":{"line":475,"column":41}},"type":"binary-expr","locations":[{"start":{"line":475,"column":14},"end":{"line":475,"column":35}},{"start":{"line":475,"column":39},"end":{"line":475,"column":41}}]},"47":{"loc":{"start":{"line":481,"column":18},"end":{"line":481,"column":45}},"type":"binary-expr","locations":[{"start":{"line":481,"column":18},"end":{"line":481,"column":39}},{"start":{"line":481,"column":43},"end":{"line":481,"column":45}}]},"48":{"loc":{"start":{"line":495,"column":13},"end":{"line":507,"column":null}},"type":"binary-expr","locations":[{"start":{"line":495,"column":13},"end":{"line":495,"column":53}},{"start":{"line":496,"column":14},"end":{"line":506,"column":null}}]},"49":{"loc":{"start":{"line":495,"column":14},"end":{"line":495,"column":41}},"type":"binary-expr","locations":[{"start":{"line":495,"column":14},"end":{"line":495,"column":35}},{"start":{"line":495,"column":39},"end":{"line":495,"column":41}}]},"50":{"loc":{"start":{"line":500,"column":20},"end":{"line":500,"column":47}},"type":"binary-expr","locations":[{"start":{"line":500,"column":20},"end":{"line":500,"column":41}},{"start":{"line":500,"column":45},"end":{"line":500,"column":47}}]},"51":{"loc":{"start":{"line":530,"column":50},"end":{"line":530,"column":92}},"type":"binary-expr","locations":[{"start":{"line":530,"column":50},"end":{"line":530,"column":86}},{"start":{"line":530,"column":90},"end":{"line":530,"column":92}}]},"52":{"loc":{"start":{"line":533,"column":13},"end":{"line":538,"column":20}},"type":"cond-expr","locations":[{"start":{"line":534,"column":14},"end":{"line":536,"column":null}},{"start":{"line":538,"column":16},"end":{"line":538,"column":20}}]},"53":{"loc":{"start":{"line":540,"column":13},"end":{"line":543,"column":null}},"type":"binary-expr","locations":[{"start":{"line":540,"column":13},"end":{"line":540,"column":21}},{"start":{"line":541,"column":14},"end":{"line":542,"column":null}}]},"54":{"loc":{"start":{"line":560,"column":13},"end":{"line":563,"column":null}},"type":"binary-expr","locations":[{"start":{"line":560,"column":13},"end":{"line":560,"column":37}},{"start":{"line":561,"column":14},"end":{"line":562,"column":null}}]},"55":{"loc":{"start":{"line":565,"column":13},"end":{"line":568,"column":null}},"type":"binary-expr","locations":[{"start":{"line":565,"column":13},"end":{"line":565,"column":35}},{"start":{"line":566,"column":14},"end":{"line":567,"column":null}}]},"56":{"loc":{"start":{"line":567,"column":23},"end":{"line":567,"column":67}},"type":"binary-expr","locations":[{"start":{"line":567,"column":23},"end":{"line":567,"column":32}},{"start":{"line":567,"column":36},"end":{"line":567,"column":67}}]}},"s":{"0":0,"1":0,"2":0,"3":0,"4":0,"5":0,"6":0,"7":0,"8":0,"9":0,"10":0,"11":0,"12":0,"13":0,"14":0,"15":0,"16":0,"17":0,"18":0,"19":0,"20":0,"21":0,"22":0,"23":0,"24":0,"25":0,"26":0,"27":0,"28":0,"29":0,"30":0,"31":0,"32":0,"33":0,"34":0,"35":0,"36":0,"37":0,"38":0,"39":0,"40":0,"41":0,"42":0,"43":0,"44":0,"45":0,"46":0,"47":0,"48":0,"49":0,"50":0,"51":0,"52":0,"53":0,"54":0,"55":0,"56":0,"57":0,"58":0,"59":0,"60":0,"61":0,"62":0,"63":0,"64":0,"65":0,"66":0,"67":0,"68":0,"69":0,"70":0,"71":0,"72":0,"73":0,"74":0,"75":0,"76":0,"77":0,"78":0,"79":0,"80":0,"81":0,"82":0,"83":0,"84":0,"85":0,"86":0,"87":0,"88":0,"89":0,"90":0,"91":0,"92":0,"93":0,"94":0,"95":0,"96":0,"97":0,"98":0,"99":0,"100":0,"101":0,"102":0,"103":0,"104":0,"105":0,"106":0,"107":0,"108":0,"109":0,"110":0,"111":0,"112":0,"113":0,"114":0,"115":0,"116":0,"117":0,"118":0,"119":0,"120":0,"121":0,"122":0,"123":0,"124":0,"125":0,"126":0,"127":0,"128":0,"129":0,"130":0,"131":0,"132":0,"133":0,"134":0,"135":0,"136":0,"137":0,"138":0,"139":0,"140":0,"141":0,"142":0,"143":0,"144":0,"145":0,"146":0},"f":{"0":0,"1":0,"2":0,"3":0,"4":0,"5":0,"6":0,"7":0,"8":0,"9":0,"10":0,"11":0,"12":0,"13":0,"14":0,"15":0,"16":0,"17":0,"18":0,"19":0,"20":0,"21":0,"22":0,"23":0,"24":0,"25":0,"26":0,"27":0,"28":0,"29":0,"30":0,"31":0,"32":0,"33":0,"34":0,"35":0,"36":0},"b":{"0":[0,0],"1":[0,0],"2":[0,0],"3":[0,0],"4":[0,0],"5":[0,0],"6":[0,0],"7":[0,0],"8":[0,0],"9":[0,0],"10":[0,0],"11":[0,0],"12":[0,0,0],"13":[0,0,0,0],"14":[0,0],"15":[0,0],"16":[0,0],"17":[0,0],"18":[0,0],"19":[0,0],"20":[0,0],"21":[0,0],"22":[0,0],"23":[0,0],"24":[0,0],"25":[0,0],"26":[0,0],"27":[0,0],"28":[0,0],"29":[0,0],"30":[0,0],"31":[0,0],"32":[0,0],"33":[0,0],"34":[0,0],"35":[0,0],"36":[0,0],"37":[0,0],"38":[0,0],"39":[0,0],"40":[0,0],"41":[0,0],"42":[0,0],"43":[0,0],"44":[0,0],"45":[0,0],"46":[0,0],"47":[0,0],"48":[0,0],"49":[0,0],"50":[0,0],"51":[0,0],"52":[0,0],"53":[0,0],"54":[0,0],"55":[0,0],"56":[0,0]}}
,"/opt/service/workspace/app/src/frontend/calculatedFieldEdit.tsx": {"path":"/opt/service/workspace/app/src/frontend/calculatedFieldEdit.tsx","statementMap":{"0":{"start":{"line":1,"column":0},"end":{"line":1,"column":51}},"1":{"start":{"line":2,"column":0},"end":{"line":2,"column":null}},"2":{"start":{"line":11,"column":0},"end":{"line":11,"column":37}},"3":{"start":{"line":19,"column":25},"end":{"line":19,"column":39}},"4":{"start":{"line":21,"column":23},"end":{"line":23,"column":2}},"5":{"start":{"line":25,"column":28},"end":{"line":71,"column":1}},"6":{"start":{"line":26,"column":28},"end":{"line":26,"column":48}},"7":{"start":{"line":28,"column":2},"end":{"line":49,"column":9}},"8":{"start":{"line":29,"column":17},"end":{"line":47,"column":5}},"9":{"start":{"line":30,"column":6},"end":{"line":46,"column":7}},"10":{"start":{"line":31,"column":20},"end":{"line":31,"column":43}},"11":{"start":{"line":32,"column":26},"end":{"line":32,"column":74}},"12":{"start":{"line":34,"column":8},"end":{"line":37,"column":9}},"13":{"start":{"line":35,"column":10},"end":{"line":35,"column":24}},"14":{"start":{"line":36,"column":10},"end":{"line":36,"column":17}},"15":{"start":{"line":39,"column":21},"end":{"line":39,"column":104}},"16":{"start":{"line":40,"column":27},"end":{"line":40,"column":41}},"17":{"start":{"line":41,"column":8},"end":{"line":43,"column":9}},"18":{"start":{"line":42,"column":10},"end":{"line":42,"column":39}},"19":{"start":{"line":45,"column":8},"end":{"line":45,"column":57}},"20":{"start":{"line":48,"column":4},"end":{"line":48,"column":11}},"21":{"start":{"line":51,"column":2},"end":{"line":70,"column":4}},"22":{"start":{"line":64,"column":29},"end":{"line":64,"column":90}},"23":{"start":{"line":73,"column":0},"end":{"line":73,"column":48}}},"fnMap":{"0":{"name":"(anonymous_9)","decl":{"start":{"line":25,"column":28},"end":{"line":25,"column":44}},"loc":{"start":{"line":25,"column":46},"end":{"line":71,"column":1}}},"1":{"name":"(anonymous_10)","decl":{"start":{"line":28,"column":12},"end":{"line":28,"column":15}},"loc":{"start":{"line":28,"column":17},"end":{"line":49,"column":3}}},"2":{"name":"(anonymous_11)","decl":{"start":{"line":29,"column":17},"end":{"line":29,"column":22}},"loc":{"start":{"line":29,"column":28},"end":{"line":47,"column":5}}},"3":{"name":"(anonymous_12)","decl":{"start":{"line":64,"column":22},"end":{"line":64,"column":23}},"loc":{"start":{"line":64,"column":29},"end":{"line":64,"column":90}}}},"branchMap":{"0":{"loc":{"start":{"line":32,"column":26},"end":{"line":32,"column":74}},"type":"binary-expr","locations":[{"start":{"line":32,"column":26},"end":{"line":32,"column":38}},{"start":{"line":32,"column":42},"end":{"line":32,"column":74}}]},"1":{"loc":{"start":{"line":34,"column":8},"end":{"line":37,"column":9}},"type":"if","locations":[{"start":{"line":34,"column":8},"end":{"line":37,"column":9}},{"start":{},"end":{}}]},"2":{"loc":{"start":{"line":39,"column":21},"end":{"line":39,"column":104}},"type":"binary-expr","locations":[{"start":{"line":39,"column":21},"end":{"line":39,"column":98}},{"start":{"line":39,"column":102},"end":{"line":39,"column":104}}]},"3":{"loc":{"start":{"line":41,"column":8},"end":{"line":43,"column":9}},"type":"if","locations":[{"start":{"line":41,"column":8},"end":{"line":43,"column":9}},{"start":{},"end":{}}]},"4":{"loc":{"start":{"line":41,"column":12},"end":{"line":41,"column":59}},"type":"binary-expr","locations":[{"start":{"line":41,"column":12},"end":{"line":41,"column":36}},{"start":{"line":41,"column":40},"end":{"line":41,"column":59}}]},"5":{"loc":{"start":{"line":64,"column":46},"end":{"line":64,"column":88}},"type":"binary-expr","locations":[{"start":{"line":64,"column":46},"end":{"line":64,"column":82}},{"start":{"line":64,"column":86},"end":{"line":64,"column":88}}]}},"s":{"0":0,"1":0,"2":0,"3":0,"4":0,"5":0,"6":0,"7":0,"8":0,"9":0,"10":0,"11":0,"12":0,"13":0,"14":0,"15":0,"16":0,"17":0,"18":0,"19":0,"20":0,"21":0,"22":0,"23":0},"f":{"0":0,"1":0,"2":0,"3":0},"b":{"0":[0,0],"1":[0,0],"2":[0,0],"3":[0,0],"4":[0,0],"5":[0,0]}}
,"/opt/service/workspace/app/src/frontend/calculatedFieldView.tsx": {"path":"/opt/service/workspace/app/src/frontend/calculatedFieldView.tsx","statementMap":{"0":{"start":{"line":1,"column":0},"end":{"line":1,"column":51}},"1":{"start":{"line":2,"column":0},"end":{"line":2,"column":null}},"2":{"start":{"line":14,"column":0},"end":{"line":14,"column":45}},"3":{"start":{"line":20,"column":45},"end":{"line":27,"column":2}},"4":{"start":{"line":29,"column":25},"end":{"line":29,"column":39}},"5":{"start":{"line":34,"column":23},"end":{"line":36,"column":2}},"6":{"start":{"line":38,"column":22},"end":{"line":43,"column":2}},"7":{"start":{"line":48,"column":18},"end":{"line":54,"column":2}},"8":{"start":{"line":56,"column":18},"end":{"line":69,"column":5}},"9":{"start":{"line":57,"column":2},"end":{"line":69,"column":5}},"10":{"start":{"line":57,"column":36},"end":{"line":69,"column":4}},"11":{"start":{"line":74,"column":28},"end":{"line":175,"column":1}},"12":{"start":{"line":75,"column":32},"end":{"line":75,"column":55}},"13":{"start":{"line":76,"column":36},"end":{"line":76,"column":73}},"14":{"start":{"line":77,"column":28},"end":{"line":77,"column":57}},"15":{"start":{"line":79,"column":2},"end":{"line":122,"column":9}},"16":{"start":{"line":80,"column":17},"end":{"line":119,"column":5}},"17":{"start":{"line":81,"column":6},"end":{"line":118,"column":7}},"18":{"start":{"line":82,"column":20},"end":{"line":82,"column":43}},"19":{"start":{"line":83,"column":26},"end":{"line":83,"column":74}},"20":{"start":{"line":85,"column":8},"end":{"line":89,"column":9}},"21":{"start":{"line":86,"column":10},"end":{"line":86,"column":45}},"22":{"start":{"line":87,"column":10},"end":{"line":87,"column":28}},"23":{"start":{"line":88,"column":10},"end":{"line":88,"column":17}},"24":{"start":{"line":93,"column":8},"end":{"line":93,"column":89}},"25":{"start":{"line":96,"column":21},"end":{"line":96,"column":48}},"26":{"start":{"line":99,"column":8},"end":{"line":99,"column":95}},"27":{"start":{"line":101,"column":33},"end":{"line":101,"column":70}},"28":{"start":{"line":102,"column":32},"end":{"line":102,"column":66}},"29":{"start":{"line":107,"column":39},"end":{"line":107,"column":40}},"30":{"start":{"line":109,"column":8},"end":{"line":109,"column":204}},"31":{"start":{"line":111,"column":23},"end":{"line":111,"column":96}},"32":{"start":{"line":112,"column":8},"end":{"line":112,"column":47}},"33":{"start":{"line":114,"column":8},"end":{"line":114,"column":62}},"34":{"start":{"line":115,"column":8},"end":{"line":115,"column":65}},"35":{"start":{"line":117,"column":8},"end":{"line":117,"column":26}},"36":{"start":{"line":121,"column":4},"end":{"line":121,"column":11}},"37":{"start":{"line":124,"column":2},"end":{"line":130,"column":3}},"38":{"start":{"line":125,"column":4},"end":{"line":129,"column":6}},"39":{"start":{"line":132,"column":2},"end":{"line":140,"column":3}},"40":{"start":{"line":133,"column":4},"end":{"line":139,"column":6}},"41":{"start":{"line":142,"column":2},"end":{"line":150,"column":3}},"42":{"start":{"line":143,"column":4},"end":{"line":149,"column":6}},"43":{"start":{"line":152,"column":15},"end":{"line":152,"column":55}},"44":{"start":{"line":154,"column":2},"end":{"line":174,"column":4}},"45":{"start":{"line":177,"column":0},"end":{"line":177,"column":48}}},"fnMap":{"0":{"name":"(anonymous_9)","decl":{"start":{"line":56,"column":18},"end":{"line":56,"column":19}},"loc":{"start":{"line":57,"column":2},"end":{"line":69,"column":5}}},"1":{"name":"(anonymous_10)","decl":{"start":{"line":57,"column":28},"end":{"line":57,"column":29}},"loc":{"start":{"line":57,"column":36},"end":{"line":69,"column":4}}},"2":{"name":"(anonymous_11)","decl":{"start":{"line":74,"column":28},"end":{"line":74,"column":44}},"loc":{"start":{"line":74,"column":46},"end":{"line":175,"column":1}}},"3":{"name":"(anonymous_12)","decl":{"start":{"line":79,"column":12},"end":{"line":79,"column":15}},"loc":{"start":{"line":79,"column":17},"end":{"line":122,"column":3}}},"4":{"name":"(anonymous_13)","decl":{"start":{"line":80,"column":17},"end":{"line":80,"column":22}},"loc":{"start":{"line":80,"column":28},"end":{"line":119,"column":5}}}},"branchMap":{"0":{"loc":{"start":{"line":57,"column":3},"end":{"line":57,"column":22}},"type":"binary-expr","locations":[{"start":{"line":57,"column":3},"end":{"line":57,"column":16}},{"start":{"line":57,"column":20},"end":{"line":57,"column":22}}]},"1":{"loc":{"start":{"line":65,"column":31},"end":{"line":65,"column":66}},"type":"cond-expr","locations":[{"start":{"line":65,"column":45},"end":{"line":65,"column":54}},{"start":{"line":65,"column":57},"end":{"line":65,"column":66}}]},"2":{"loc":{"start":{"line":83,"column":26},"end":{"line":83,"column":74}},"type":"binary-expr","locations":[{"start":{"line":83,"column":26},"end":{"line":83,"column":38}},{"start":{"line":83,"column":42},"end":{"line":83,"column":74}}]},"3":{"loc":{"start":{"line":85,"column":8},"end":{"line":89,"column":9}},"type":"if","locations":[{"start":{"line":85,"column":8},"end":{"line":89,"column":9}},{"start":{},"end":{}}]},"4":{"loc":{"start":{"line":96,"column":21},"end":{"line":96,"column":48}},"type":"binary-expr","locations":[{"start":{"line":96,"column":21},"end":{"line":96,"column":42}},{"start":{"line":96,"column":46},"end":{"line":96,"column":48}}]},"5":{"loc":{"start":{"line":101,"column":33},"end":{"line":101,"column":70}},"type":"binary-expr","locations":[{"start":{"line":101,"column":33},"end":{"line":101,"column":47}},{"start":{"line":101,"column":51},"end":{"line":101,"column":64}},{"start":{"line":101,"column":68},"end":{"line":101,"column":70}}]},"6":{"loc":{"start":{"line":102,"column":32},"end":{"line":102,"column":66}},"type":"binary-expr","locations":[{"start":{"line":102,"column":32},"end":{"line":102,"column":43}},{"start":{"line":102,"column":47},"end":{"line":102,"column":60}},{"start":{"line":102,"column":64},"end":{"line":102,"column":66}}]},"7":{"loc":{"start":{"line":124,"column":2},"end":{"line":130,"column":3}},"type":"if","locations":[{"start":{"line":124,"column":2},"end":{"line":130,"column":3}},{"start":{},"end":{}}]},"8":{"loc":{"start":{"line":132,"column":2},"end":{"line":140,"column":3}},"type":"if","locations":[{"start":{"line":132,"column":2},"end":{"line":140,"column":3}},{"start":{},"end":{}}]},"9":{"loc":{"start":{"line":142,"column":2},"end":{"line":150,"column":3}},"type":"if","locations":[{"start":{"line":142,"column":2},"end":{"line":150,"column":3}},{"start":{},"end":{}}]},"10":{"loc":{"start":{"line":142,"column":6},"end":{"line":142,"column":56}},"type":"binary-expr","locations":[{"start":{"line":142,"column":6},"end":{"line":142,"column":16}},{"start":{"line":142,"column":20},"end":{"line":142,"column":56}}]},"11":{"loc":{"start":{"line":152,"column":25},"end":{"line":152,"column":54}},"type":"binary-expr","locations":[{"start":{"line":152,"column":25},"end":{"line":152,"column":48}},{"start":{"line":152,"column":52},"end":{"line":152,"column":54}}]}},"s":{"0":0,"1":0,"2":0,"3":0,"4":0,"5":0,"6":0,"7":0,"8":0,"9":0,"10":0,"11":0,"12":0,"13":0,"14":0,"15":0,"16":0,"17":0,"18":0,"19":0,"20":0,"21":0,"22":0,"23":0,"24":0,"25":0,"26":0,"27":0,"28":0,"29":0,"30":0,"31":0,"32":0,"33":0,"34":0,"35":0,"36":0,"37":0,"38":0,"39":0,"40":0,"41":0,"42":0,"43":0,"44":0,"45":0},"f":{"0":0,"1":0,"2":0,"3":0,"4":0},"b":{"0":[0,0],"1":[0,0],"2":[0,0],"3":[0,0],"4":[0,0],"5":[0,0,0],"6":[0,0,0],"7":[0,0],"8":[0,0],"9":[0,0],"10":[0,0],"11":[0,0]}}
,"/opt/service/workspace/app/src/frontend/index.tsx": {"path":"/opt/service/workspace/app/src/frontend/index.tsx","statementMap":{"0":{"start":{"line":1,"column":0},"end":{"line":1,"column":51}},"1":{"start":{"line":2,"column":0},"end":{"line":2,"column":72}},"2":{"start":{"line":3,"column":0},"end":{"line":3,"column":39}},"3":{"start":{"line":5,"column":0},"end":{"line":5,"column":88}},"4":{"start":{"line":12,"column":23},"end":{"line":15,"column":2}},"5":{"start":{"line":17,"column":12},"end":{"line":60,"column":1}},"6":{"start":{"line":18,"column":26},"end":{"line":18,"column":55}},"7":{"start":{"line":20,"column":28},"end":{"line":22,"column":3}},"8":{"start":{"line":21,"column":4},"end":{"line":21,"column":41}},"9":{"start":{"line":24,"column":2},"end":{"line":39,"column":9}},"10":{"start":{"line":26,"column":4},"end":{"line":26,"column":31}},"11":{"start":{"line":28,"column":4},"end":{"line":38,"column":9}},"12":{"start":{"line":29,"column":35},"end":{"line":29,"column":62}},"13":{"start":{"line":31,"column":8},"end":{"line":31,"column":54}},"14":{"start":{"line":33,"column":8},"end":{"line":36,"column":11}},"15":{"start":{"line":37,"column":8},"end":{"line":37,"column":38}},"16":{"start":{"line":41,"column":2},"end":{"line":59,"column":4}},"17":{"start":{"line":63,"column":0},"end":{"line":67,"column":2}}},"fnMap":{"0":{"name":"(anonymous_9)","decl":{"start":{"line":17,"column":12},"end":{"line":17,"column":28}},"loc":{"start":{"line":17,"column":30},"end":{"line":60,"column":1}}},"1":{"name":"(anonymous_10)","decl":{"start":{"line":20,"column":28},"end":{"line":20,"column":37}},"loc":{"start":{"line":20,"column":39},"end":{"line":22,"column":3}}},"2":{"name":"(anonymous_11)","decl":{"start":{"line":24,"column":12},"end":{"line":24,"column":15}},"loc":{"start":{"line":24,"column":17},"end":{"line":39,"column":3}}},"3":{"name":"(anonymous_12)","decl":{"start":{"line":29,"column":12},"end":{"line":29,"column":13}},"loc":{"start":{"line":29,"column":35},"end":{"line":29,"column":62}}},"4":{"name":"(anonymous_13)","decl":{"start":{"line":30,"column":13},"end":{"line":30,"column":14}},"loc":{"start":{"line":30,"column":23},"end":{"line":38,"column":7}}}},"branchMap":{"0":{"loc":{"start":{"line":35,"column":17},"end":{"line":35,"column":46}},"type":"binary-expr","locations":[{"start":{"line":35,"column":17},"end":{"line":35,"column":29}},{"start":{"line":35,"column":33},"end":{"line":35,"column":46}}]},"1":{"loc":{"start":{"line":48,"column":9},"end":{"line":48,"column":35}},"type":"cond-expr","locations":[{"start":{"line":48,"column":16},"end":{"line":48,"column":20}},{"start":{"line":48,"column":23},"end":{"line":48,"column":35}}]}},"s":{"0":0,"1":0,"2":0,"3":0,"4":0,"5":0,"6":0,"7":0,"8":0,"9":0,"10":0,"11":0,"12":0,"13":0,"14":0,"15":0,"16":0,"17":0},"f":{"0":0,"1":0,"2":0,"3":0,"4":0},"b":{"0":[0,0],"1":[0,0]}}
,"/opt/service/workspace/app/src/frontend/utils/errorLogger.ts": {"path":"/opt/service/workspace/app/src/frontend/utils/errorLogger.ts","statementMap":{"0":{"start":{"line":1,"column":0},"end":{"line":1,"column":39}},"1":{"start":{"line":2,"column":0},"end":{"line":2,"column":26}},"2":{"start":{"line":3,"column":0},"end":{"line":3,"column":36}},"3":{"start":{"line":21,"column":24},"end":{"line":41,"column":1}},"4":{"start":{"line":22,"column":2},"end":{"line":40,"column":3}},"5":{"start":{"line":23,"column":37},"end":{"line":33,"column":6}},"6":{"start":{"line":35,"column":4},"end":{"line":35,"column":44}},"7":{"start":{"line":38,"column":4},"end":{"line":38,"column":66}},"8":{"start":{"line":39,"column":4},"end":{"line":39,"column":48}},"9":{"start":{"line":21,"column":13},"end":{"line":21,"column":24}},"10":{"start":{"line":47,"column":40},"end":{"line":73,"column":1}},"11":{"start":{"line":48,"column":2},"end":{"line":72,"column":3}},"12":{"start":{"line":50,"column":4},"end":{"line":59,"column":7}},"13":{"start":{"line":51,"column":6},"end":{"line":58,"column":9}},"14":{"start":{"line":62,"column":4},"end":{"line":71,"column":7}},"15":{"start":{"line":64,"column":6},"end":{"line":64,"column":29}},"16":{"start":{"line":66,"column":6},"end":{"line":70,"column":9}},"17":{"start":{"line":47,"column":13},"end":{"line":47,"column":40}},"18":{"start":{"line":89,"column":4},"end":{"line":89,"column":17}},"19":{"start":{"line":90,"column":4},"end":{"line":90,"column":37}},"20":{"start":{"line":94,"column":4},"end":{"line":94,"column":37}},"21":{"start":{"line":99,"column":4},"end":{"line":104,"column":7}},"22":{"start":{"line":108,"column":4},"end":{"line":118,"column":5}},"23":{"start":{"line":109,"column":6},"end":{"line":115,"column":7}},"24":{"start":{"line":110,"column":8},"end":{"line":114,"column":16}},"25":{"start":{"line":122,"column":4},"end":{"line":140,"column":5}},"26":{"start":{"line":124,"column":6},"end":{"line":127,"column":7}},"27":{"start":{"line":125,"column":34},"end":{"line":125,"column":53}},"28":{"start":{"line":126,"column":8},"end":{"line":126,"column":83}},"29":{"start":{"line":131,"column":6},"end":{"line":139,"column":8}},"30":{"start":{"line":142,"column":4},"end":{"line":142,"column":31}},"31":{"start":{"line":84,"column":0},"end":{"line":84,"column":13}}},"fnMap":{"0":{"name":"(anonymous_1)","decl":{"start":{"line":21,"column":24},"end":{"line":21,"column":29}},"loc":{"start":{"line":21,"column":79},"end":{"line":41,"column":1}}},"1":{"name":"(anonymous_2)","decl":{"start":{"line":47,"column":40},"end":{"line":47,"column":49}},"loc":{"start":{"line":47,"column":51},"end":{"line":73,"column":1}}},"2":{"name":"(anonymous_3)","decl":{"start":{"line":50,"column":37},"end":{"line":50,"column":38}},"loc":{"start":{"line":50,"column":47},"end":{"line":59,"column":5}}},"3":{"name":"(anonymous_4)","decl":{"start":{"line":62,"column":50},"end":{"line":62,"column":51}},"loc":{"start":{"line":62,"column":60},"end":{"line":71,"column":5}}},"4":{"name":"(anonymous_5)","decl":{"start":{"line":88,"column":2},"end":{"line":88,"column":14}},"loc":{"start":{"line":88,"column":98},"end":{"line":91,"column":3}}},"5":{"name":"(anonymous_6)","decl":{"start":{"line":93,"column":2},"end":{"line":93,"column":8}},"loc":{"start":{"line":93,"column":46},"end":{"line":95,"column":3}}},"6":{"name":"(anonymous_7)","decl":{"start":{"line":97,"column":2},"end":{"line":97,"column":19}},"loc":{"start":{"line":97,"column":60},"end":{"line":119,"column":3}}},"7":{"name":"(anonymous_8)","decl":{"start":{"line":121,"column":2},"end":{"line":121,"column":8}},"loc":{"start":{"line":121,"column":8},"end":{"line":143,"column":3}}}},"branchMap":{"0":{"loc":{"start":{"line":24,"column":15},"end":{"line":24,"column":51}},"type":"binary-expr","locations":[{"start":{"line":24,"column":15},"end":{"line":24,"column":32}},{"start":{"line":24,"column":36},"end":{"line":24,"column":51}}]},"1":{"loc":{"start":{"line":30,"column":17},"end":{"line":30,"column":83}},"type":"cond-expr","locations":[{"start":{"line":30,"column":52},"end":{"line":30,"column":71}},{"start":{"line":30,"column":74},"end":{"line":30,"column":83}}]},"2":{"loc":{"start":{"line":31,"column":11},"end":{"line":31,"column":76}},"type":"cond-expr","locations":[{"start":{"line":31,"column":43},"end":{"line":31,"column":64}},{"start":{"line":31,"column":67},"end":{"line":31,"column":76}}]},"3":{"loc":{"start":{"line":48,"column":2},"end":{"line":72,"column":3}},"type":"if","locations":[{"start":{"line":48,"column":2},"end":{"line":72,"column":3}},{"start":{},"end":{}}]},"4":{"loc":{"start":{"line":68,"column":15},"end":{"line":68,"column":58}},"type":"binary-expr","locations":[{"start":{"line":68,"column":15},"end":{"line":68,"column":34}},{"start":{"line":68,"column":38},"end":{"line":68,"column":58}}]},"5":{"loc":{"start":{"line":101,"column":13},"end":{"line":101,"column":37}},"type":"binary-expr","locations":[{"start":{"line":101,"column":13},"end":{"line":101,"column":24}},{"start":{"line":101,"column":28},"end":{"line":101,"column":37}}]},"6":{"loc":{"start":{"line":102,"column":22},"end":{"line":102,"column":59}},"type":"binary-expr","locations":[{"start":{"line":102,"column":22},"end":{"line":102,"column":46}},{"start":{"line":102,"column":50},"end":{"line":102,"column":59}}]},"7":{"loc":{"start":{"line":109,"column":6},"end":{"line":115,"column":7}},"type":"if","locations":[{"start":{"line":109,"column":6},"end":{"line":115,"column":7}},{"start":{},"end":{}}]},"8":{"loc":{"start":{"line":109,"column":10},"end":{"line":109,"column":84}},"type":"binary-expr","locations":[{"start":{"line":109,"column":10},"end":{"line":109,"column":39}},{"start":{"line":109,"column":43},"end":{"line":109,"column":56}},{"start":{"line":109,"column":60},"end":{"line":109,"column":84}}]},"9":{"loc":{"start":{"line":122,"column":4},"end":{"line":140,"column":5}},"type":"if","locations":[{"start":{"line":122,"column":4},"end":{"line":140,"column":5}},{"start":{},"end":{}}]},"10":{"loc":{"start":{"line":122,"column":8},"end":{"line":122,"column":47}},"type":"binary-expr","locations":[{"start":{"line":122,"column":8},"end":{"line":122,"column":27}},{"start":{"line":122,"column":31},"end":{"line":122,"column":47}}]},"11":{"loc":{"start":{"line":124,"column":6},"end":{"line":127,"column":7}},"type":"if","locations":[{"start":{"line":124,"column":6},"end":{"line":127,"column":7}},{"start":{},"end":{}}]}},"s":{"0":0,"1":0,"2":0,"3":0,"4":0,"5":0,"6":0,"7":0,"8":0,"9":0,"10":0,"11":0,"12":0,"13":0,"14":0,"15":0,"16":0,"17":0,"18":0,"19":0,"20":0,"21":0,"22":0,"23":0,"24":0,"25":0,"26":0,"27":0,"28":0,"29":0,"30":0,"31":0},"f":{"0":0,"1":0,"2":0,"3":0,"4":0,"5":0,"6":0,"7":0},"b":{"0":[0,0],"1":[0,0],"2":[0,0],"3":[0,0],"4":[0,0],"5":[0,0],"6":[0,0],"7":[0,0],"8":[0,0,0],"9":[0,0],"10":[0,0],"11":[0,0]}}
,"/opt/service/workspace/app/src/infrastructure/jira-api/jira-service.ts": {"path":"/opt/service/workspace/app/src/infrastructure/jira-api/jira-service.ts","statementMap":{"0":{"start":{"line":15,"column":0},"end":{"line":15,"column":16}},"1":{"start":{"line":55,"column":0},"end":{"line":55,"column":7}},"2":{"start":{"line":92,"column":0},"end":{"line":92,"column":7}},"3":{"start":{"line":136,"column":0},"end":{"line":136,"column":7}},"4":{"start":{"line":1,"column":0},"end":{"line":1,"column":40}},"5":{"start":{"line":16,"column":2},"end":{"line":18,"column":3}},"6":{"start":{"line":17,"column":4},"end":{"line":17,"column":14}},"7":{"start":{"line":20,"column":2},"end":{"line":22,"column":3}},"8":{"start":{"line":21,"column":4},"end":{"line":21,"column":22}},"9":{"start":{"line":24,"column":2},"end":{"line":26,"column":3}},"10":{"start":{"line":25,"column":4},"end":{"line":25,"column":30}},"11":{"start":{"line":28,"column":2},"end":{"line":36,"column":3}},"12":{"start":{"line":29,"column":4},"end":{"line":29,"column":43}},"13":{"start":{"line":29,"column":33},"end":{"line":29,"column":43}},"14":{"start":{"line":30,"column":18},"end":{"line":30,"column":58}},"15":{"start":{"line":31,"column":4},"end":{"line":34,"column":5}},"16":{"start":{"line":32,"column":6},"end":{"line":32,"column":66}},"17":{"start":{"line":32,"column":45},"end":{"line":32,"column":66}},"18":{"start":{"line":33,"column":6},"end":{"line":33,"column":68}},"19":{"start":{"line":33,"column":46},"end":{"line":33,"column":68}},"20":{"start":{"line":35,"column":4},"end":{"line":35,"column":33}},"21":{"start":{"line":38,"column":2},"end":{"line":43,"column":3}},"22":{"start":{"line":39,"column":16},"end":{"line":39,"column":53}},"23":{"start":{"line":40,"column":4},"end":{"line":40,"column":60}},"24":{"start":{"line":40,"column":41},"end":{"line":40,"column":60}},"25":{"start":{"line":41,"column":4},"end":{"line":41,"column":62}},"26":{"start":{"line":41,"column":42},"end":{"line":41,"column":62}},"27":{"start":{"line":42,"column":4},"end":{"line":42,"column":38}},"28":{"start":{"line":45,"column":2},"end":{"line":45,"column":36}},"29":{"start":{"line":60,"column":2},"end":{"line":83,"column":3}},"30":{"start":{"line":61,"column":24},"end":{"line":61,"column":43}},"31":{"start":{"line":62,"column":4},"end":{"line":62,"column":88}},"32":{"start":{"line":65,"column":22},"end":{"line":65,"column":65}},"33":{"start":{"line":66,"column":21},"end":{"line":67,"column":null}},"34":{"start":{"line":70,"column":4},"end":{"line":75,"column":5}},"35":{"start":{"line":71,"column":6},"end":{"line":73,"column":8}},"36":{"start":{"line":74,"column":6},"end":{"line":74,"column":16}},"37":{"start":{"line":77,"column":18},"end":{"line":77,"column":39}},"38":{"start":{"line":78,"column":4},"end":{"line":78,"column":83}},"39":{"start":{"line":79,"column":4},"end":{"line":79,"column":29}},"40":{"start":{"line":81,"column":4},"end":{"line":81,"column":85}},"41":{"start":{"line":82,"column":4},"end":{"line":82,"column":14}},"42":{"start":{"line":97,"column":2},"end":{"line":127,"column":3}},"43":{"start":{"line":98,"column":4},"end":{"line":100,"column":6}},"44":{"start":{"line":102,"column":21},"end":{"line":108,"column":6}},"45":{"start":{"line":110,"column":4},"end":{"line":115,"column":5}},"46":{"start":{"line":111,"column":6},"end":{"line":113,"column":8}},"47":{"start":{"line":114,"column":6},"end":{"line":114,"column":19}},"48":{"start":{"line":117,"column":4},"end":{"line":119,"column":6}},"49":{"start":{"line":120,"column":4},"end":{"line":120,"column":16}},"50":{"start":{"line":122,"column":4},"end":{"line":125,"column":6}},"51":{"start":{"line":126,"column":4},"end":{"line":126,"column":17}},"52":{"start":{"line":137,"column":2},"end":{"line":154,"column":3}},"53":{"start":{"line":138,"column":4},"end":{"line":138,"column":68}},"54":{"start":{"line":141,"column":21},"end":{"line":141,"column":77}},"55":{"start":{"line":143,"column":4},"end":{"line":146,"column":5}},"56":{"start":{"line":144,"column":6},"end":{"line":144,"column":85}},"57":{"start":{"line":145,"column":6},"end":{"line":145,"column":16}},"58":{"start":{"line":148,"column":18},"end":{"line":148,"column":39}},"59":{"start":{"line":149,"column":4},"end":{"line":149,"column":68}},"60":{"start":{"line":150,"column":4},"end":{"line":150,"column":16}},"61":{"start":{"line":152,"column":4},"end":{"line":152,"column":68}},"62":{"start":{"line":153,"column":4},"end":{"line":153,"column":14}}},"fnMap":{"0":{"name":"extractFieldValue","decl":{"start":{"line":15,"column":16},"end":{"line":15,"column":33}},"loc":{"start":{"line":15,"column":53},"end":{"line":46,"column":1}}},"1":{"name":"getIssueFields","decl":{"start":{"line":55,"column":22},"end":{"line":55,"column":36}},"loc":{"start":{"line":58,"column":24},"end":{"line":84,"column":1}}},"2":{"name":"updateIssueField","decl":{"start":{"line":92,"column":22},"end":{"line":92,"column":38}},"loc":{"start":{"line":95,"column":15},"end":{"line":128,"column":1}}},"3":{"name":"getAllJiraFields","decl":{"start":{"line":136,"column":22},"end":{"line":136,"column":38}},"loc":{"start":{"line":136,"column":38},"end":{"line":155,"column":1}}}},"branchMap":{"0":{"loc":{"start":{"line":16,"column":2},"end":{"line":18,"column":3}},"type":"if","locations":[{"start":{"line":16,"column":2},"end":{"line":18,"column":3}},{"start":{},"end":{}}]},"1":{"loc":{"start":{"line":16,"column":6},"end":{"line":16,"column":53}},"type":"binary-expr","locations":[{"start":{"line":16,"column":6},"end":{"line":16,"column":25}},{"start":{"line":16,"column":29},"end":{"line":16,"column":53}}]},"2":{"loc":{"start":{"line":20,"column":2},"end":{"line":22,"column":3}},"type":"if","locations":[{"start":{"line":20,"column":2},"end":{"line":22,"column":3}},{"start":{},"end":{}}]},"3":{"loc":{"start":{"line":24,"column":2},"end":{"line":26,"column":3}},"type":"if","locations":[{"start":{"line":24,"column":2},"end":{"line":26,"column":3}},{"start":{},"end":{}}]},"4":{"loc":{"start":{"line":24,"column":6},"end":{"line":24,"column":71}},"type":"binary-expr","locations":[{"start":{"line":24,"column":6},"end":{"line":24,"column":36}},{"start":{"line":24,"column":40},"end":{"line":24,"column":71}}]},"5":{"loc":{"start":{"line":28,"column":2},"end":{"line":36,"column":3}},"type":"if","locations":[{"start":{"line":28,"column":2},"end":{"line":36,"column":3}},{"start":{},"end":{}}]},"6":{"loc":{"start":{"line":29,"column":4},"end":{"line":29,"column":43}},"type":"if","locations":[{"start":{"line":29,"column":4},"end":{"line":29,"column":43}},{"start":{},"end":{}}]},"7":{"loc":{"start":{"line":31,"column":4},"end":{"line":34,"column":5}},"type":"if","locations":[{"start":{"line":31,"column":4},"end":{"line":34,"column":5}},{"start":{},"end":{}}]},"8":{"loc":{"start":{"line":31,"column":8},"end":{"line":31,"column":42}},"type":"binary-expr","locations":[{"start":{"line":31,"column":8},"end":{"line":31,"column":13}},{"start":{"line":31,"column":17},"end":{"line":31,"column":42}}]},"9":{"loc":{"start":{"line":32,"column":6},"end":{"line":32,"column":66}},"type":"if","locations":[{"start":{"line":32,"column":6},"end":{"line":32,"column":66}},{"start":{},"end":{}}]},"10":{"loc":{"start":{"line":33,"column":6},"end":{"line":33,"column":68}},"type":"if","locations":[{"start":{"line":33,"column":6},"end":{"line":33,"column":68}},{"start":{},"end":{}}]},"11":{"loc":{"start":{"line":38,"column":2},"end":{"line":43,"column":3}},"type":"if","locations":[{"start":{"line":38,"column":2},"end":{"line":43,"column":3}},{"start":{},"end":{}}]},"12":{"loc":{"start":{"line":40,"column":4},"end":{"line":40,"column":60}},"type":"if","locations":[{"start":{"line":40,"column":4},"end":{"line":40,"column":60}},{"start":{},"end":{}}]},"13":{"loc":{"start":{"line":41,"column":4},"end":{"line":41,"column":62}},"type":"if","locations":[{"start":{"line":41,"column":4},"end":{"line":41,"column":62}},{"start":{},"end":{}}]},"14":{"loc":{"start":{"line":58,"column":2},"end":{"line":58,"column":24}},"type":"default-arg","locations":[{"start":{"line":58,"column":19},"end":{"line":58,"column":24}}]},"15":{"loc":{"start":{"line":65,"column":22},"end":{"line":65,"column":65}},"type":"cond-expr","locations":[{"start":{"line":65,"column":39},"end":{"line":65,"column":51}},{"start":{"line":65,"column":54},"end":{"line":65,"column":65}}]},"16":{"loc":{"start":{"line":70,"column":4},"end":{"line":75,"column":5}},"type":"if","locations":[{"start":{"line":70,"column":4},"end":{"line":75,"column":5}},{"start":{},"end":{}}]},"17":{"loc":{"start":{"line":79,"column":11},"end":{"line":79,"column":28}},"type":"binary-expr","locations":[{"start":{"line":79,"column":11},"end":{"line":79,"column":22}},{"start":{"line":79,"column":26},"end":{"line":79,"column":28}}]},"18":{"loc":{"start":{"line":110,"column":4},"end":{"line":115,"column":5}},"type":"if","locations":[{"start":{"line":110,"column":4},"end":{"line":115,"column":5}},{"start":{},"end":{}}]},"19":{"loc":{"start":{"line":143,"column":4},"end":{"line":146,"column":5}},"type":"if","locations":[{"start":{"line":143,"column":4},"end":{"line":146,"column":5}},{"start":{},"end":{}}]}},"s":{"0":3,"1":3,"2":3,"3":3,"4":3,"5":21,"6":3,"7":18,"8":1,"9":17,"10":5,"11":12,"12":4,"13":1,"14":3,"15":3,"16":2,"17":1,"18":1,"19":1,"20":1,"21":8,"22":8,"23":8,"24":6,"25":2,"26":1,"27":1,"28":0,"29":5,"30":5,"31":5,"32":5,"33":5,"34":5,"35":1,"36":1,"37":4,"38":4,"39":4,"40":0,"41":0,"42":2,"43":2,"44":2,"45":2,"46":1,"47":1,"48":1,"49":1,"50":0,"51":0,"52":4,"53":4,"54":4,"55":4,"56":1,"57":1,"58":3,"59":3,"60":3,"61":0,"62":0},"f":{"0":21,"1":5,"2":2,"3":4},"b":{"0":[3,18],"1":[21,20],"2":[1,17],"3":[5,12],"4":[17,14],"5":[4,8],"6":[1,3],"7":[2,1],"8":[3,3],"9":[1,1],"10":[1,0],"11":[8,0],"12":[6,
[...]
lumn":4},"end":{"line":36,"column":5}},"type":"if","locations":[{"start":{"line":33,"column":4},"end":{"line":36,"column":5}},{"start":{},"end":{}}]},"3":{"loc":{"start":{"line":40,"column":64},"end":{"line":40,"column":112}},"type":"cond-expr","locations":[{"start":{"line":40,"column":87},"end":{"line":40,"column":98}},{"start":{"line":40,"column":101},"end":{"line":40,"column":112}}]},"4":{"loc":{"start":{"line":58,"column":21},"end":{"line":60,"column":38}},"type":"cond-expr","locations":[{"start":{"line":59,"column":10},"end":{"line":59,"column":53}},{"start":{"line":60,"column":10},"end":{"line":60,"column":38}}]},"5":{"loc":{"start":{"line":63,"column":21},"end":{"line":63,"column":49}},"type":"binary-expr","locations":[{"start":{"line":63,"column":21},"end":{"line":63,"column":43}},{"start":{"line":63,"column":47},"end":{"line":63,"column":49}}]},"6":{"loc":{"start":{"line":65,"column":8},"end":{"line":67,"column":9}},"type":"if","locations":[{"start":{"line":65,"column":8},"end":{"line":67,"column":9}},{"start":{},"end":{}}]},"7":{"loc":{"start":{"line":76,"column":65},"end":{"line":76,"column":113}},"type":"cond-expr","locations":[{"start":{"line":76,"column":88},"end":{"line":76,"column":99}},{"start":{"line":76,"column":102},"end":{"line":76,"column":113}}]},"8":{"loc":{"start":{"line":94,"column":77},"end":{"line":94,"column":125}},"type":"cond-expr","locations":[{"start":{"line":94,"column":100},"end":{"line":94,"column":111}},{"start":{"line":94,"column":114},"end":{"line":94,"column":125}}]},"9":{"loc":{"start":{"line":115,"column":20},"end":{"line":115,"column":68}},"type":"cond-expr","locations":[{"start":{"line":115,"column":43},"end":{"line":115,"column":54}},{"start":{"line":115,"column":57},"end":{"line":115,"column":68}}]}},"s":{"0":3,"1":3,"2":3,"3":3,"4":3,"5":3,"6":45,"7":45,"8":45,"9":3,"10":42,"11":29,"12":29,"13":29,"14":29,"15":29,"16":14,"17":14,"18":15,"19":15,"20":0,"21":0,"22":3,"23":3,"24":3,"25":3,"26":3,"27":1,"28":1,"29":1,"30":1,"31":1,"32":1,"33":1,"34":1,"35":2,"36":2,"37":2,"38":2,"39":2,"40":2,"41":1,"42":2,"43":2,"44":0,"45":0,"46":16,"47":16,"48":16,"49":16,"50":16,"51":16,"52":0,"53":0,"54":0},"f":{"0":45,"1":29,"2":3,"3":2,"4":1,"5":16},"b":{"0":[45,0],"1":[3,42],"2":[14,15],"3":[0,0],"4":[0,1],"5":[1,0],"6":[1,0],"7":[2,0],"8":[0,0],"9":[0,0]}}
,"/opt/service/workspace/app/src/resolvers/index.ts": {"path":"/opt/service/workspace/app/src/resolvers/index.ts","statementMap":{"0":{"start":{"line":1,"column":0},"end":{"line":1,"column":9}},"1":{"start":{"line":1,"column":9},"end":{"line":1,"column":58}}},"fnMap":{"0":{"name":"(anonymous_0)","decl":{"start":{"line":1,"column":9},"end":{"line":1,"column":16}},"loc":{"start":{"line":1,"column":9},"end":{"line":1,"column":58}}}},"branchMap":{},"s":{"0":2,"1":4},"f":{"0":2},"b":{}}
,"/opt/service/workspace/app/src/resolvers/web/calculated-field-resolver.ts": {"path":"/opt/service/workspace/app/src/resolvers/web/calculated-field-resolver.ts","statementMap":{"0":{"start":{"line":1,"column":0},"end":{"line":1,"column":39}},"1":{"start":{"line":2,"column":0},"end":{"line":2,"column":148}},"2":{"start":{"line":3,"column":0},"end":{"line":3,"column":131}},"3":{"start":{"line":4,"column":0},"end":{"line":4,"column":83}},"4":{"start":{"line":5,"column":0},"end":{"line":5,"column":89}},"5":{"start":{"line":29,"column":17},"end":{"line":29,"column":31}},"6":{"start":{"line":34,"column":0},"end":{"line":61,"column":2}},"7":{"start":{"line":48,"column":16},"end":{"line":48,"column":27}},"8":{"start":{"line":49,"column":4},"end":{"line":58,"column":7}},"9":{"start":{"line":59,"column":4},"end":{"line":59,"column":29}},"10":{"start":{"line":67,"column":0},"end":{"line":119,"column":2}},"11":{"start":{"line":70,"column":50},"end":{"line":70,"column":61}},"12":{"start":{"line":71,"column":4},"end":{"line":71,"column":89}},"13":{"start":{"line":73,"column":4},"end":{"line":117,"column":5}},"14":{"start":{"line":75,"column":19},"end":{"line":75,"column":75}},"15":{"start":{"line":78,"column":6},"end":{"line":93,"column":7}},"16":{"start":{"line":79,"column":8},"end":{"line":81,"column":10}},"17":{"start":{"line":82,"column":24},"end":{"line":82,"column":65}},"18":{"start":{"line":83,"column":8},"end":{"line":92,"column":9}},"19":{"start":{"line":84,"column":10},"end":{"line":84,"column":30}},"20":{"start":{"line":85,"column":10},"end":{"line":87,"column":12}},"21":{"start":{"line":89,"column":10},"end":{"line":91,"column":12}},"22":{"start":{"line":95,"column":6},"end":{"line":98,"column":7}},"23":{"start":{"line":96,"column":8},"end":{"line":96,"column":97}},"24":{"start":{"line":97,"column":8},"end":{"line":97,"column":52}},"25":{"start":{"line":101,"column":26},"end":{"line":101,"column":69}},"26":{"start":{"line":101,"column":58},"end":{"line":101,"column":68}},"27":{"start":{"line":102,"column":24},"end":{"line":102,"column":73}},"28":{"start":{"line":105,"column":50},"end":{"line":105,"column":52}},"29":{"start":{"line":106,"column":6},"end":{"line":108,"column":7}},"30":{"start":{"line":107,"column":8},"end":{"line":107,"column":61}},"31":{"start":{"line":111,"column":24},"end":{"line":111,"column":60}},"32":{"start":{"line":112,"column":6},"end":{"line":112,"column":70}},"33":{"start":{"line":113,"column":6},"end":{"line":113,"column":23}},"34":{"start":{"line":115,"column":6},"end":{"line":115,"column":65}},"35":{"start":{"line":116,"column":6},"end":{"line":116,"column":50}},"36":{"start":{"line":125,"column":0},"end":{"line":139,"column":2}},"37":{"start":{"line":128,"column":40},"end":{"line":128,"column":51}},"38":{"start":{"line":129,"column":4},"end":{"line":129,"column":77}},"39":{"start":{"line":131,"column":4},"end":{"line":137,"column":5}},"40":{"start":{"line":132,"column":21},"end":{"line":132,"column":77}},"41":{"start":{"line":133,"column":6},"end":{"line":133,"column":20}},"42":{"start":{"line":135,"column":6},"end":{"line":135,"column":63}},"43":{"start":{"line":136,"column":6},"end":{"line":136,"column":18}},"44":{"start":{"line":145,"column":0},"end":{"line":185,"column":2}},"45":{"start":{"line":148,"column":20},"end":{"line":148,"column":31}},"46":{"start":{"line":149,"column":4},"end":{"line":153,"column":7}},"47":{"start":{"line":155,"column":4},"end":{"line":183,"column":5}},"48":{"start":{"line":157,"column":25},"end":{"line":157,"column":55}},"49":{"start":{"line":158,"column":6},"end":{"line":161,"column":7}},"50":{"start":{"line":159,"column":8},"end":{"line":159,"column":90}},"51":{"start":{"line":160,"column":8},"end":{"line":160,"column":59}},"52":{"start":{"line":164,"column":23},"end":{"line":164,"column":95}},"53":{"start":{"line":165,"column":18},"end":{"line":165,"column":42}},"54":{"start":{"line":167,"column":36},"end":{"line":174,"column":8}},"55":{"start":{"line":176,"column":6},"end":{"line":176,"column":45}},"56":{"start":{"line":177,"column":6},"end":{"line":177,"column":70}},"57":{"start":{"line":178,"column":6},"end":{"line":178,"column":31}},"58":{"start":{"line":180,"column":22},"end":{"line":180,"column":70}},"59":{"start":{"line":181,"column":6},"end":{"line":181,"column":73}},"60":{"start":{"line":182,"column":6},"end":{"line":182,"column":68}},"61":{"start":{"line":191,"column":0},"end":{"line":210,"column":2}},"62":{"start":{"line":194,"column":4},"end":{"line":194,"column":49}},"63":{"start":{"line":196,"column":4},"end":{"line":208,"column":5}},"64":{"start":{"line":197,"column":25},"end":{"line":197,"column":49}},"65":{"start":{"line":198,"column":39},"end":{"line":202,"column":9}},"66":{"start":{"line":198,"column":62},"end":{"line":202,"column":8}},"67":{"start":{"line":203,"column":6},"end":{"line":203,"column":85}},"68":{"start":{"line":204,"column":6},"end":{"line":204,"column":20}},"69":{"start":{"line":206,"column":6},"end":{"line":206,"column":65}},"70":{"start":{"line":207,"column":6},"end":{"line":207,"column":16}},"71":{"start":{"line":216,"column":0},"end":{"line":230,"column":2}},"72":{"start":{"line":219,"column":41},"end":{"line":219,"column":52}},"73":{"start":{"line":220,"column":4},"end":{"line":220,"column":78}},"74":{"start":{"line":222,"column":4},"end":{"line":228,"column":5}},"75":{"start":{"line":223,"column":22},"end":{"line":223,"column":70}},"76":{"start":{"line":224,"column":6},"end":{"line":224,"column":25}},"77":{"start":{"line":226,"column":6},"end":{"line":226,"column":63}},"78":{"start":{"line":227,"column":6},"end":{"line":227,"column":32}},"79":{"start":{"line":232,"column":13},"end":{"line":232,"column":49}}},"fnMap":{"0":{"name":"(anonymous_1)","decl":{"start":{"line":36,"column":2},"end":{"line":36,"column":null}},"loc":{"start":{"line":47,"column":6},"end":{"line":60,"column":3}}},"1":{"name":"(anonymous_2)","decl":{"start":{"line":69,"column":2},"end":{"line":69,"column":7}},"loc":{"start":{"line":69,"column":85},"end":{"line":118,"column":3}}},"2":{"name":"(anonymous_3)","decl":{"start":{"line":101,"column":51},"end":{"line":101,"column":52}},"loc":{"start":{"line":101,"column":58},"end":{"line":101,"column":68}}},"3":{"name":"(anonymous_4)","decl":{"start":{"line":127,"column":2},"end":{"line":127,"column":7}},"loc":{"start":{"line":127,"column":89},"end":{"line":138,"column":3}}},"4":{"name":"(anonymous_5)","decl":{"start":{"line":147,"column":2},"end":{"line":147,"column":7}},"loc":{"start":{"line":147,"column":95},"end":{"line":184,"column":3}}},"5":{"name":"(anonymous_6)","decl":{"start":{"line":193,"column":2},"end":{"line":193,"column":7}},"loc":{"start":{"line":193,"column":84},"end":{"line":209,"column":3}}},"6":{"name":"(anonymous_7)","decl":{"start":{"line":198,"column":54},"end":{"line":198,"column":55}},"loc":{"start":{"line":198,"column":62},"end":{"line":202,"column":8}}},"7":{"name":"(anonymous_8)","decl":{"start":{"line":218,"column":2},"end":{"line":218,"column":7}},"loc":{"start":{"line":218,"column":93},"end":{"line":229,"column":3}}}},"branchMap":{"0":{"loc":{"start":{"line":78,"column":6},"end":{"line":93,"column":7}},"type":"if","locations":[{"start":{"line":78,"column":6},"end":{"line":93,"column":7}},{"start":{},"end":{}}]},"1":{"loc":{"start":{"line":78,"column":10},"end":{"line":78,"column":36}},"type":"binary-expr","locations":[{"start":{"line":78,"column":10},"end":{"line":78,"column":17}},{"start":{"line":78,"column":21},"end":{"line":78,"column":36}}]},"2":{"loc":{"start":{"line":83,"column":8},"end":{"line":92,"column":9}},"type":"if","locations":[{"start":{"line":83,"column":8},"end":{"line":92,"column":9}},{"start":{"line":88,"column":15},"end":{"line":92,"column":9}}]},"3":{"loc":{"start":{"line":95,"column":6},"end":{"line":98,"column":7}},"type":"if","locations":[{"start":{"line":95,"column":6},"end":{"line":98,"column":7}},{"start":{},"end":{}}]},"4":{"loc":{"start":{"line":158,"column":6},"end":{"line":161,"column":7}},"type":"if","locations":[{"start":{"line":158,"column":6},"end":{"line":161,"column":7}},{"start":{},"end":{}}]},"5":{"loc":{"start":{"line":172,"column":19},"end":{"line":172,"column":45}},"type":"binary-expr","locations":[{"start":{"line":172,"column":19},"end":{"line":172,"column":38}},{"start":{"line":172,"column":42},"end":{"line":172,"column":45}}]},"6":{"loc":{"start":{"line":180,"column":22},"end":{"line":180,"column":70}},"type":"cond-expr","locations":[{"start":{"line":180,"column":45},"end":{"line":180,"column":56}},{"start":{"line":180,"column":59},"end":{"line":180,"column":70}}]},"7":{"loc":{"start":{"line":201,"column":14},"end":{"line":201,"column":41}},"type":"binary-expr","locations":[{"start":{"line":201,"column":14},"end":{"line":201,"column":28}},{"start":{"line":201,"column":32},"end":{"line":201,"column":41}}]}},"s":{"0":2,"1":2,"2":2,"3":2,"4":2,"5":2,"6":2,"7":1,"8":1,"9":1,"10":2,"11":7,"12":7,"13":7,"14":7,"15":7,"16":1,"17":1,"18":1,"19":1,"20":1,"21":0,"22":7,"23":2,"24":2,"25":5,"26":6,"27":5,"28":5,"29":5,"30":6,"31":5,"32":5,"33":5,"34":0,"35":0,"36":2,"37":5,"38":5,"39":5,"40":5,"41":5,"42":0,"43":0,"44":2,"45":11,"46":11,"47":11,"48":11,"49":11,"50":2,"51":2,"52":9,"53":9,"54":9,"55":9,"56":9,"57":9,"58":0,"59":0,"60":0,"61":2,"62":4,"63":4,"64":4,"65":4,"66":6,"67":4,"68":4,"69":0,"70":0,"71":2,"72":2,"73":2,"74":2,"75":2,"76":2,"77":0,"78":0,"79":2},"f":{"0":1,"1":7,"2":6,"3":5,"4":11,"5":4,"6":6,"7":2},"b":{"0":[1,6],"1":[7,3],"2":[1,0],"3":[2,5],"4":[2,9],"5":[9,8],"6":[0,0],"7":[6,1]}}
,"/opt/service/workspace/app/src/triggers/recalculate-score.ts": {"path":"/opt/service/workspace/app/src/triggers/recalculate-score.ts","statementMap":{"0":{"start":{"line":25,"column":0},"end":{"line":25,"column":7}},"1":{"start":{"line":1,"column":0},"end":{"line":1,"column":87}},"2":{"start":{"line":2,"column":0},"end":{"line":2,"column":110}},"3":{"start":{"line":3,"column":0},"end":{"line":3,"column":80}},"4":{"start":{"line":26,"column":2},"end":{"line":78,"column":3}},"5":{"start":{"line":27,"column":4},"end":{"line":27,"column":85}},"6":{"start":{"line":28,"column":4},"end":{"line":28,"column":90}},"7":{"start":{"line":31,"column":18},"end":{"line":31,"column":71}},"8":{"start":{"line":32,"column":21},"end":{"line":32,"column":75}},"9":{"start":{"line":34,"column":4},"end":{"line":37,"column":5}},"10":{"start":{"line":35,"column":6},"end":{"line":35,"column":78}},"11":{"start":{"line":36,"column":6},"end":{"line":36,"column":13}},"12":{"start":{"line":40,"column":22},"end":{"line":40,"column":79}},"13":{"start":{"line":41,"column":28},"end":{"line":41,"column":86}},"14":{"start":{"line":42,"column":28},"end":{"line":42,"column":45}},"15":{"start":{"line":43,"column":4},"end":{"line":46,"column":5}},"16":{"start":{"line":44,"column":6},"end":{"line":44,"column":58}},"17":{"start":{"line":44,"column":24},"end":{"line":44,"column":58}},"18":{"start":{"line":45,"column":6},"end":{"line":45,"column":54}},"19":{"start":{"line":45,"column":22},"end":{"line":45,"column":54}},"20":{"start":{"line":47,"column":4},"end":{"line":47,"column":79}},"21":{"start":{"line":49,"column":4},"end":{"line":52,"column":5}},"22":{"start":{"line":50,"column":6},"end":{"line":50,"column":81}},"23":{"start":{"line":51,"column":6},"end":{"line":51,"column":13}},"24":{"start":{"line":55,"column":23},"end":{"line":55,"column":52}},"25":{"start":{"line":56,"column":4},"end":{"line":56,"column":94}},"26":{"start":{"line":58,"column":4},"end":{"line":61,"column":5}},"27":{"start":{"line":59,"column":6},"end":{"line":59,"column":76}},"28":{"start":{"line":60,"column":6},"end":{"line":60,"column":13}},"29":{"start":{"line":64,"column":4},"end":{"line":66,"column":5}},"30":{"start":{"line":65,"column":6},"end":{"line":65,"column":61}},"31":{"start":{"line":70,"column":6},"end":{"line":72,"column":19}},"32":{"start":{"line":74,"column":4},"end":{"line":77,"column":7}},"33":{"start":{"line":90,"column":2},"end":{"line":142,"column":3}},"34":{"start":{"line":91,"column":40},"end":{"line":91,"column":46}},"35":{"start":{"line":92,"column":24},"end":{"line":92,"column":67}},"36":{"start":{"line":92,"column":56},"end":{"line":92,"column":66}},"37":{"start":{"line":95,"column":35},"end":{"line":95,"column":86}},"38":{"start":{"line":95,"column":61},"end":{"line":95,"column":85}},"39":{"start":{"line":97,"column":4},"end":{"line":103,"column":5}},"40":{"start":{"line":98,"column":6},"end":{"line":101,"column":8}},"41":{"start":{"line":102,"column":6},"end":{"line":102,"column":13}},"42":{"start":{"line":105,"column":4},"end":{"line":107,"column":6}},"43":{"start":{"line":110,"column":22},"end":{"line":110,"column":72}},"44":{"start":{"line":111,"column":48},"end":{"line":111,"column":50}},"45":{"start":{"line":112,"column":4},"end":{"line":114,"column":5}},"46":{"start":{"line":113,"column":6},"end":{"line":113,"column":59}},"47":{"start":{"line":117,"column":22},"end":{"line":117,"column":58}},"48":{"start":{"line":118,"column":4},"end":{"line":120,"column":6}},"49":{"start":{"line":123,"column":20},"end":{"line":123,"column":83}},"50":{"start":{"line":124,"column":4},"end":{"line":132,"column":5}},"51":{"start":{"line":125,"column":6},"end":{"line":127,"column":8}},"52":{"start":{"line":129,"column":6},"end":{"line":131,"column":8}},"53":{"start":{"line":135,"column":4},"end":{"line":141,"column":6}}},"fnMap":{"0":{"name":"recalculateScore","decl":{"start":{"line":25,"column":22},"end":{"line":25,"column":38}},"loc":{"start":{"line":25,"column":69},"end":{"line":79,"column":1}}},"1":{"name":"processConfig","decl":{"start":{"line":85,"column":15},"end":{"line":85,"column":28}},"loc":{"start":{"line":88,"column":30},"end":{"line":143,"column":1}}},"2":{"name":"(anonymous_2)","decl":{"start":{"line":92,"column":49},"end":{"line":92,"column":50}},"loc":{"start":{"line":92,"column":56},"end":{"line":92,"column":66}}},"3":{"name":"(anonymous_3)","decl":{"start":{"line":95,"column":52},"end":{"line":95,"column":53}},"loc":{"start":{"line":95,"column":61},"end":{"line":95,"column":85}}}},"branchMap":{"0":{"loc":{"start":{"line":32,"column":21},"end":{"line":32,"column":75}},"type":"cond-expr","locations":[{"start":{"line":32,"column":58},"end":{"line":32,"column":70}},{"start":{"line":32,"column":73},"end":{"line":32,"column":75}}]},"1":{"loc":{"start":{"line":34,"column":4},"end":{"line":37,"column":5}},"type":"if","locations":[{"start":{"line":34,"column":4},"end":{"line":37,"column":5}},{"start":{},"end":{}}]},"2":{"loc":{"start":{"line":41,"column":28},"end":{"line":41,"column":86}},"type":"binary-expr","locations":[{"start":{"line":41,"column":28},"end":{"line":41,"column":80}},{"start":{"line":41,"column":84},"end":{"line":41,"column":86}}]},"3":{"loc":{"start":{"line":44,"column":6},"end":{"line":44,"column":58}},"type":"if","locations":[{"start":{"line":44,"column":6},"end":{"line":44,"column":58}},{"start":{},"end":{}}]},"4":{"loc":{"start":{"line":45,"column":6},"end":{"line":45,"column":54}},"type":"if","locations":[{"start":{"line":45,"column":6},"end":{"line":45,"column":54}},{"start":{},"end":{}}]},"5":{"loc":{"start":{"line":49,"column":4},"end":{"line":52,"column":5}},"type":"if","locations":[{"start":{"line":49,"column":4},"end":{"line":52,"column":5}},{"start":{},"end":{}}]},"6":{"loc":{"start":{"line":58,"column":4},"end":{"line":61,"column":5}},"type":"if","locations":[{"start":{"line":58,"column":4},"end":{"line":61,"column":5}},{"start":{},"end":{}}]},"7":{"loc":{"start":{"line":70,"column":6},"end":{"line":72,"column":19}},"type":"cond-expr","locations":[{"start":{"line":71,"column":11},"end":{"line":71,"column":60}},{"start":{"line":72,"column":10},"end":{"line":72,"column":19}}]},"8":{"loc":{"start":{"line":76,"column":13},"end":{"line":76,"column":61}},"type":"cond-expr","locations":[{"start":{"line":76,"column":36},"end":{"line":76,"column":47}},{"start":{"line":76,"column":50},"end":{"line":76,"column":61}}]},"9":{"loc":{"start":{"line":97,"column":4},"end":{"line":103,"column":5}},"type":"if","locations":[{"start":{"line":97,"column":4},"end":{"line":103,"column":5}},{"start":{},"end":{}}]},"10":{"loc":{"start":{"line":124,"column":4},"end":{"line":132,"column":5}},"type":"if","locations":[{"start":{"line":124,"column":4},"end":{"line":132,"column":5}},{"start":{"line":128,"column":11},"end":{"line":132,"column":5}}]},"11":{"loc":{"start":{"line":139,"column":15},"end":{"line":139,"column":63}},"type":"cond-expr","locations":[{"start":{"line":139,"column":38},"end":{"line":139,"column":49}},{"start":{"line":139,"column":52},"end":{"line":139,"column":63}}]}},"s":{"0":0,"1":0,"2":0,"3":0,"4":0,"5":0,"6":0,"7":0,"8":0,"9":0,"10":0,"11":0,"12":0,"13":0,"14":0,"15":0,"16":0,"17":0,"18":0,"19":0,"20":0,"21":0,"22":0,"23":0,"24":0,"25":0,"26":0,"27":0,"28":0,"29":0,"30":0,"31":0,"32":0,"33":0,"34":0,"35":0,"36":0,"37":0,"38":0,"39":0,"40":0,"41":0,"42":0,"43":0,"44":0,"45":0,"46":0,"47":0,"48":0,"49":0,"50":0,"51":0,"52":0,"53":0},"f":{"0":0,"1":0,"2":0,"3":0},"b":{"0":[0,0],"1":[0,0],"2":[0,0],"3":[0,0],"4":[0,0],"5":[0,0],"6":[0,0],"7":[0,0],"8":[0,0],"9":[0,0],"10":[0,0],"11":[0,0]}}
}
