TN:
SF:src/index.ts
FN:1,(anonymous_0)
FN:2,(anonymous_1)
FNF:2
FNH:0
FNDA:0,(anonymous_0)
FNDA:0,(anonymous_1)
DA:1,0
DA:2,0
LF:2
LH:0
BRF:0
BRH:0
end_of_record
TN:
SF:src/domain/services/formula-evaluation-service.ts
FN:9,sanitiseFieldKey
FN:17,evaluateFieldRule
FN:29,isArithmeticFormula
FN:44,evaluateFormula
FN:68,(anonymous_4)
FNF:5
FNH:5
FNDA:16,sanitiseFieldKey
FNDA:16,evaluateFieldRule
FNDA:5,isArithmeticFormula
FNDA:14,evaluateFormula
FNDA:16,(anonymous_4)
DA:1,3
DA:2,3
DA:10,16
DA:18,16
DA:19,18
DA:20,13
DA:23,3
DA:30,5
DA:44,3
DA:48,14
DA:49,14
DA:51,14
DA:53,16
DA:54,16
DA:56,16
DA:63,16
DA:64,16
DA:68,16
DA:70,14
DA:73,14
DA:74,5
DA:75,5
DA:76,4
DA:77,4
DA:79,0
DA:82,1
DA:86,14
LF:27
LH:26
BRDA:19,0,0,13
BRDA:19,0,1,5
BRDA:53,1,0,16
BRDA:53,1,1,1
BRDA:73,2,0,5
BRDA:73,2,1,9
BRDA:73,3,0,14
BRDA:73,3,1,5
BRDA:76,4,0,4
BRDA:76,4,1,0
BRDA:76,5,0,4
BRDA:76,5,1,4
BRF:12
BRH:11
end_of_record
TN:
SF:src/domain/services/formula-validation-service.ts
FN:21,validateFormulaConfig
FNF:1
FNH:1
FNDA:23,validateFormulaConfig
DA:1,3
DA:4,3
DA:21,3
DA:22,23
DA:23,2
DA:26,21
DA:27,23
DA:28,1
DA:31,22
DA:32,1
DA:38,21
DA:39,1
DA:45,20
DA:46,23
DA:47,1
DA:53,22
DA:54,1
DA:60,21
DA:61,1
DA:70,15
DA:71,8
DA:72,8
DA:74,2
DA:75,2
DA:79,13
LF:25
LH:25
BRDA:22,0,0,2
BRDA:22,0,1,21
BRDA:22,1,0,23
BRDA:22,1,1,23
BRDA:27,2,0,1
BRDA:27,2,1,22
BRDA:27,3,0,23
BRDA:27,3,1,22
BRDA:31,4,0,1
BRDA:31,4,1,21
BRDA:31,5,0,22
BRDA:31,5,1,21
BRDA:38,6,0,1
BRDA:38,6,1,20
BRDA:46,7,0,1
BRDA:46,7,1,22
BRDA:53,8,0,1
BRDA:53,8,1,21
BRDA:53,9,0,22
BRDA:53,9,1,21
BRDA:60,10,0,1
BRDA:60,10,1,20
BRDA:70,11,0,8
BRDA:70,11,1,7
BRDA:70,12,0,15
BRDA:70,12,1,8
BRDA:74,13,0,2
BRDA:74,13,1,0
BRF:28
BRH:27
end_of_record
TN:
SF:src/domain/value-objects/condition.ts
FN:15,evaluateCondition
FNF:1
FNH:1
FNDA:51,evaluateCondition
DA:15,4
DA:16,51
DA:19,51
DA:21,51
DA:23,51
DA:29,51
DA:31,28
DA:34,5
DA:40,17
DA:41,17
DA:43,17
DA:45,14
DA:46,10
DA:47,7
DA:48,4
DA:52,3
DA:53,3
DA:54,0
DA:55,0
DA:56,0
DA:60,1
LF:21
LH:18
BRDA:23,0,0,4
BRDA:23,0,1,47
BRDA:23,1,0,51
BRDA:23,1,1,5
BRDA:23,1,2,4
BRDA:25,2,0,1
BRDA:25,2,1,46
BRDA:25,3,0,47
BRDA:25,3,1,1
BRDA:25,3,2,1
BRDA:29,4,0,28
BRDA:29,4,1,5
BRDA:29,4,2,7
BRDA:29,4,3,10
BRDA:29,4,4,13
BRDA:29,4,5,17
BRDA:29,4,6,1
BRDA:43,5,0,14
BRDA:43,5,1,3
BRDA:43,6,0,17
BRDA:43,6,1,14
BRDA:45,7,0,4
BRDA:45,7,1,10
BRDA:46,8,0,3
BRDA:46,8,1,7
BRDA:47,9,0,3
BRDA:47,9,1,4
BRDA:53,10,0,3
BRDA:53,10,1,0
BRDA:54,11,0,0
BRDA:54,11,1,0
BRDA:55,12,0,0
BRDA:55,12,1,0
BRF:33
BRH:28
end_of_record
TN:
SF:src/frontend/calculatedFieldConfig.tsx
FN:39,getVariableName
FN:128,(anonymous_10)
FN:139,(anonymous_11)
FN:148,(anonymous_12)
FN:156,(anonymous_13)
FN:199,(anonymous_14)
FN:200,(anonymous_15)
FN:209,(anonymous_16)
FN:222,(anonymous_17)
FN:241,(anonymous_18)
FN:254,(anonymous_19)
FN:265,(anonymous_20)
FN:266,(anonymous_21)
FN:335,(anonymous_22)
FN:340,(anonymous_23)
FN:342,(anonymous_24)
FN:344,(anonymous_25)
FN:356,(anonymous_26)
FN:360,(anonymous_27)
FN:364,(anonymous_28)
FN:368,(anonymous_29)
FN:376,(anonymous_30)
FN:380,(anonymous_31)
FN:382,(anonymous_32)
FN:388,(anonymous_33)
FN:392,(anonymous_34)
FN:398,(anonymous_35)
FN:434,(anonymous_36)
FN:462,(anonymous_37)
FN:463,(anonymous_38)
FN:481,(anonymous_39)
FN:485,(anonymous_40)
FN:486,(anonymous_41)
FN:487,(anonymous_42)
FN:488,(anonymous_43)
FN:500,(anonymous_44)
FN:530,(anonymous_45)
FNF:37
FNH:0
FNDA:0,getVariableName
FNDA:0,(anonymous_10)
FNDA:0,(anonymous_11)
FNDA:0,(anonymous_12)
FNDA:0,(anonymous_13)
FNDA:0,(anonymous_14)
FNDA:0,(anonymous_15)
FNDA:0,(anonymous_16)
FNDA:0,(anonymous_17)
FNDA:0,(anonymous_18)
FNDA:0,(anonymous_19)
FNDA:0,(anonymous_20)
FNDA:0,(anonymous_21)
FNDA:0,(anonymous_22)
FNDA:0,(anonymous_23)
FNDA:0,(anonymous_24)
FNDA:0,(anonymous_25)
FNDA:0,(anonymous_26)
FNDA:0,(anonymous_27)
FNDA:0,(anonymous_28)
FNDA:0,(anonymous_29)
FNDA:0,(anonymous_30)
FNDA:0,(anonymous_31)
FNDA:0,(anonymous_32)
FNDA:0,(anonymous_33)
FNDA:0,(anonymous_34)
FNDA:0,(anonymous_35)
FNDA:0,(anonymous_36)
FNDA:0,(anonymous_37)
FNDA:0,(anonymous_38)
FNDA:0,(anonymous_39)
FNDA:0,(anonymous_40)
FNDA:0,(anonymous_41)
FNDA:0,(anonymous_42)
FNDA:0,(anonymous_43)
FNDA:0,(anonymous_44)
FNDA:0,(anonymous_45)
DA:1,0
DA:2,0
DA:19,0
DA:40,0
DA:46,0
DA:48,0
DA:56,0
DA:80,0
DA:82,0
DA:91,0
DA:96,0
DA:108,0
DA:128,0
DA:135,0
DA:136,0
DA:137,0
DA:139,0
DA:148,0
DA:156,0
DA:157,0
DA:158,0
DA:159,0
DA:164,0
DA:165,0
DA:168,0
DA:199,0
DA:200,0
DA:209,0
DA:222,0
DA:242,0
DA:254,0
DA:255,0
DA:256,0
DA:257,0
DA:258,0
DA:259,0
DA:260,0
DA:261,0
DA:262,0
DA:263,0
DA:265,0
DA:266,0
DA:267,0
DA:268,0
DA:269,0
DA:271,0
DA:272,0
DA:273,0
DA:274,0
DA:275,0
DA:276,0
DA:277,0
DA:278,0
DA:282,0
DA:284,0
DA:295,0
DA:298,0
DA:300,0
DA:302,0
DA:303,0
DA:305,0
DA:310,0
DA:311,0
DA:312,0
DA:313,0
DA:315,0
DA:325,0
DA:326,0
DA:327,0
DA:329,0
DA:332,0
DA:335,0
DA:340,0
DA:341,0
DA:342,0
DA:343,0
DA:344,0
DA:345,0
DA:346,0
DA:352,0
DA:353,0
DA:356,0
DA:357,0
DA:358,0
DA:360,0
DA:364,0
DA:365,0
DA:366,0
DA:369,0
DA:376,0
DA:377,0
DA:378,0
DA:381,0
DA:382,0
DA:388,0
DA:389,0
DA:390,0
DA:393,0
DA:398,0
DA:399,0
DA:400,0
DA:401,0
DA:402,0
DA:403,0
DA:405,0
DA:406,0
DA:407,0
DA:410,0
DA:411,0
DA:419,0
DA:420,0
DA:421,0
DA:422,0
DA:424,0
DA:425,0
DA:428,0
DA:429,0
DA:430,0
DA:434,0
DA:435,0
DA:436,0
DA:439,0
DA:440,0
DA:447,0
DA:462,0
DA:463,0
DA:482,0
DA:485,0
DA:486,0
DA:487,0
DA:488,0
DA:501,0
DA:530,0
DA:578,0
LF:134
LH:0
BRDA:139,0,0,0
BRDA:139,0,1,0
BRDA:158,1,0,0
BRDA:158,1,1,0
BRDA:158,2,0,0
BRDA:158,2,1,0
BRDA:199,3,0,0
BRDA:199,3,1,0
BRDA:200,4,0,0
BRDA:200,4,1,0
BRDA:209,5,0,0
BRDA:209,5,1,0
BRDA:222,6,0,0
BRDA:222,6,1,0
BRDA:242,7,0,0
BRDA:242,7,1,0
BRDA:242,8,0,0
BRDA:242,8,1,0
BRDA:269,9,0,0
BRDA:269,9,1,0
BRDA:271,10,0,0
BRDA:271,10,1,0
BRDA:284,11,0,0
BRDA:284,11,1,0
BRDA:295,12,0,0
BRDA:295,12,1,0
BRDA:295,12,2,0
BRDA:298,13,0,0
BRDA:298,13,1,0
BRDA:298,13,2,0
BRDA:298,13,3,0
BRDA:310,14,0,0
BRDA:310,14,1,0
BRDA:311,15,0,0
BRDA:311,15,1,0
BRDA:335,16,0,0
BRDA:335,16,1,0
BRDA:341,17,0,0
BRDA:341,17,1,0
BRDA:341,18,0,0
BRDA:341,18,1,0
BRDA:342,19,0,0
BRDA:342,19,1,0
BRDA:343,20,0,0
BRDA:343,20,1,0
BRDA:345,21,0,0
BRDA:345,21,1,0
BRDA:352,22,0,0
BRDA:352,22,1,0
BRDA:357,23,0,0
BRDA:357,23,1,0
BRDA:360,24,0,0
BRDA:360,24,1,0
BRDA:365,25,0,0
BRDA:365,25,1,0
BRDA:368,26,0,0
BRDA:368,26,1,0
BRDA:369,27,0,0
BRDA:369,27,1,0
BRDA:370,28,0,0
BRDA:370,28,1,0
BRDA:377,29,0,0
BRDA:377,29,1,0
BRDA:380,30,0,0
BRDA:380,30,1,0
BRDA:381,31,0,0
BRDA:381,31,1,0
BRDA:382,32,0,0
BRDA:382,32,1,0
BRDA:389,33,0,0
BRDA:389,33,1,0
BRDA:392,34,0,0
BRDA:392,34,1,0
BRDA:393,35,0,0
BRDA:393,35,1,0
BRDA:399,36,0,0
BRDA:399,36,1,0
BRDA:403,37,0,0
BRDA:403,37,1,0
BRDA:405,38,0,0
BRDA:405,38,1,0
BRDA:417,39,0,0
BRDA:417,39,1,0
BRDA:420,40,0,0
BRDA:420,40,1,0
BRDA:425,41,0,0
BRDA:425,41,1,0
BRDA:439,42,0,0
BRDA:439,42,1,0
BRDA:462,43,0,0
BRDA:462,43,1,0
BRDA:463,44,0,0
BRDA:463,44,1,0
BRDA:475,45,0,0
BRDA:475,45,1,0
BRDA:475,46,0,0
BRDA:475,46,1,0
BRDA:481,47,0,0
BRDA:481,47,1,0
BRDA:495,48,0,0
BRDA:495,48,1,0
BRDA:495,49,0,0
BRDA:495,49,1,0
BRDA:500,50,0,0
BRDA:500,50,1,0
BRDA:530,51,0,0
BRDA:530,51,1,0
BRDA:533,52,0,0
BRDA:533,52,1,0
BRDA:540,53,0,0
BRDA:540,53,1,0
BRDA:560,54,0,0
BRDA:560,54,1,0
BRDA:565,55,0,0
BRDA:565,55,1,0
BRDA:567,56,0,0
BRDA:567,56,1,0
BRF:117
BRH:0
end_of_record
TN:
SF:src/frontend/calculatedFieldEdit.tsx
FN:25,(anonymous_9)
FN:28,(anonymous_10)
FN:29,(anonymous_11)
FN:64,(anonymous_12)
FNF:4
FNH:0
FNDA:0,(anonymous_9)
FNDA:0,(anonymous_10)
FNDA:0,(anonymous_11)
FNDA:0,(anonymous_12)
DA:1,0
DA:2,0
DA:11,0
DA:19,0
DA:21,0
DA:25,0
DA:26,0
DA:28,0
DA:29,0
DA:30,0
DA:31,0
DA:32,0
DA:34,0
DA:35,0
DA:36,0
DA:39,0
DA:40,0
DA:41,0
DA:42,0
DA:45,0
DA:48,0
DA:51,0
DA:64,0
DA:73,0
LF:24
LH:0
BRDA:32,0,0,0
BRDA:32,0,1,0
BRDA:34,1,0,0
BRDA:34,1,1,0
BRDA:39,2,0,0
BRDA:39,2,1,0
BRDA:41,3,0,0
BRDA:41,3,1,0
BRDA:41,4,0,0
BRDA:41,4,1,0
BRDA:64,5,0,0
BRDA:64,5,1,0
BRF:12
BRH:0
end_of_record
TN:
SF:src/frontend/calculatedFieldView.tsx
FN:56,(anonymous_9)
FN:57,(anonymous_10)
FN:74,(anonymous_11)
FN:79,(anonymous_12)
FN:80,(anonymous_13)
FNF:5
FNH:0
FNDA:0,(anonymous_9)
FNDA:0,(anonymous_10)
FNDA:0,(anonymous_11)
FNDA:0,(anonymous_12)
FNDA:0,(anonymous_13)
DA:1,0
DA:2,0
DA:14,0
DA:20,0
DA:29,0
DA:34,0
DA:38,0
DA:48,0
DA:56,0
DA:57,0
DA:74,0
DA:75,0
DA:76,0
DA:77,0
DA:79,0
DA:80,0
DA:81,0
DA:82,0
DA:83,0
DA:85,0
DA:86,0
DA:87,0
DA:88,0
DA:93,0
DA:96,0
DA:99,0
DA:101,0
DA:102,0
DA:107,0
DA:109,0
DA:111,0
DA:112,0
DA:114,0
DA:115,0
DA:117,0
DA:121,0
DA:124,0
DA:125,0
DA:132,0
DA:133,0
DA:142,0
DA:143,0
DA:152,0
DA:154,0
DA:177,0
LF:45
LH:0
BRDA:57,0,0,0
BRDA:57,0,1,0
BRDA:65,1,0,0
BRDA:65,1,1,0
BRDA:83,2,0,0
BRDA:83,2,1,0
BRDA:85,3,0,0
BRDA:85,3,1,0
BRDA:96,4,0,0
BRDA:96,4,1,0
BRDA:101,5,0,0
BRDA:101,5,1,0
BRDA:101,5,2,0
BRDA:102,6,0,0
BRDA:102,6,1,0
BRDA:102,6,2,0
BRDA:124,7,0,0
BRDA:124,7,1,0
BRDA:132,8,0,0
BRDA:132,8,1,0
BRDA:142,9,0,0
BRDA:142,9,1,0
BRDA:142,10,0,0
BRDA:142,10,1,0
BRDA:152,11,0,0
BRDA:152,11,1,0
BRF:26
BRH:0
end_of_record
TN:
SF:src/frontend/index.tsx
FN:17,(anonymous_9)
FN:20,(anonymous_10)
FN:24,(anonymous_11)
FN:29,(anonymous_12)
FN:30,(anonymous_13)
FNF:5
FNH:0
FNDA:0,(anonymous_9)
FNDA:0,(anonymous_10)
FNDA:0,(anonymous_11)
FNDA:0,(anonymous_12)
FNDA:0,(anonymous_13)
DA:1,0
DA:2,0
DA:3,0
DA:5,0
DA:12,0
DA:17,0
DA:18,0
DA:20,0
DA:21,0
DA:24,0
DA:26,0
DA:28,0
DA:29,0
DA:31,0
DA:33,0
DA:37,0
DA:41,0
DA:63,0
LF:18
LH:0
BRDA:35,0,0,0
BRDA:35,0,1,0
BRDA:48,1,0,0
BRDA:48,1,1,0
BRF:4
BRH:0
end_of_record
TN:
SF:src/frontend/utils/errorLogger.ts
FN:21,(anonymous_1)
FN:47,(anonymous_2)
FN:50,(anonymous_3)
FN:62,(anonymous_4)
FN:88,(anonymous_5)
FN:93,(anonymous_6)
FN:97,(anonymous_7)
FN:121,(anonymous_8)
FNF:8
FNH:0
FNDA:0,(anonymous_1)
FNDA:0,(anonymous_2)
FNDA:0,(anonymous_3)
FNDA:0,(anonymous_4)
FNDA:0,(anonymous_5)
FNDA:0,(anonymous_6)
FNDA:0,(anonymous_7)
FNDA:0,(anonymous_8)
DA:1,0
DA:2,0
DA:3,0
DA:21,0
DA:22,0
DA:23,0
DA:35,0
DA:38,0
DA:39,0
DA:47,0
DA:48,0
DA:50,0
DA:51,0
DA:62,0
DA:64,0
DA:66,0
DA:84,0
DA:89,0
DA:90,0
DA:94,0
DA:99,0
DA:108,0
DA:109,0
DA:110,0
DA:122,0
DA:124,0
DA:125,0
DA:126,0
DA:131,0
DA:142,0
LF:30
LH:0
BRDA:24,0,0,0
BRDA:24,0,1,0
BRDA:30,1,0,0
BRDA:30,1,1,0
BRDA:31,2,0,0
BRDA:31,2,1,0
BRDA:48,3,0,0
BRDA:48,3,1,0
BRDA:68,4,0,0
BRDA:68,4,1,0
BRDA:101,5,0,0
BRDA:101,5,1,0
BRDA:102,6,0,0
BRDA:102,6,1,0
BRDA:109,7,0,0
BRDA:109,7,1,0
BRDA:109,8,0,0
BRDA:109,8,1,0
BRDA:109,8,2,0
BRDA:122,9,0,0
BRDA:122,9,1,0
BRDA:122,10,0,0
BRDA:122,10,1,0
BRDA:124,11,0,0
BRDA:124,11,1,0
BRF:25
BRH:0
end_of_record
TN:
SF:src/infrastructure/jira-api/jira-service.ts
FN:15,extractFieldValue
FN:55,getIssueFields
FN:92,updateIssueField
FN:136,getAllJiraFields
FNF:4
FNH:4
FNDA:20,extractFieldValue
FNDA:4,getIssueFields
FNDA:2,updateIssueField
FNDA:4,getAllJiraFields
DA:1,3
DA:15,3
DA:16,20
DA:17,3
DA:20,17
DA:21,1
DA:24,16
DA:25,5
DA:28,11
DA:29,4
DA:30,3
DA:31,3
DA:32,2
DA:33,1
DA:35,1
DA:38,7
DA:39,7
DA:40,7
DA:41,2
DA:42,1
DA:45,0
DA:55,3
DA:60,4
DA:61,4
DA:62,4
DA:65,4
DA:66,4
DA:70,4
DA:71,1
DA:74,1
DA:77,3
DA:78,3
DA:79,3
DA:81,0
DA:82,0
DA:92,3
DA:97,2
DA:98,2
DA:102,2
DA:110,2
DA:111,1
DA:114,1
DA:117,1
DA:120,1
DA:122,0
DA:126,0
DA:136,3
DA:137,4
DA:138,4
DA:141,4
DA:143,4
DA:144,1
DA:145,1
DA:148,3
DA:149,3
DA:150,3
DA:152,0
DA:153,0
LF:58
LH:51
BRDA:16,0,0,3
BRDA:16,0,1,17
BRDA:16,1,0,20
BRDA:16,1,1,19
BRDA:20,2,0,1
BRDA:20,2,1,16
BRDA:24,3,0,5
BRDA:24,3,1,11
BRDA:24,4,0,16
BRDA:24,4,1,13
BRDA:28,5,0,4
BRDA:28,5,1,7
BRDA:29,6,0,1
BRDA:29,6,1,3
BRDA:31,7,0,2
BRDA:31,7,1,1
BRDA:31,8,0,3
BRDA:31,8,1,3
BRDA:32,9,0,1
BRDA:32,9,1,1
BRDA:33,10,0,1
BRDA:33,10,1,0
BRDA:38,11,0,7
BRDA:38,11,1,0
BRDA:40,12,0,5
BRDA:40,12,1,2
BRDA:41,13,0,1
BRDA:41,13,1,1
BRDA:58,14,0,0
BRDA:65,15,0,4
BRDA:65,15,1,0
BRDA:70,16,0,1
BRDA:70,16,1,3
BRDA:79,17,0,3
BRDA:79,17,1,0
BRDA:110,18,0,1
BRDA:110,18,1,1
BRDA:143,19,0,1
BRDA:143,19,1,3
BRF:39
BRH:34
end_of_record
TN:
SF:src/infrastructure/storage/formula-config-store.ts
FN:12,buildKey
FN:25,getFormulaConfigFromStore
FN:49,listAllFormulaConfigs
FN:90,getFormulaConfigsByFieldId
FN:94,(anonymous_4)
FN:107,saveFormulaConfigToStore
FNF:6
FNH:5
FNDA:45,buildKey
FNDA:29,getFormulaConfigFromStore
FNDA:3,listAllFormulaConfigs
FNDA:2,getFormulaConfigsByFieldId
FNDA:0,(anonymous_4)
FNDA:16,saveFormulaConfigToStore
DA:1,3
DA:4,3
DA:13,45
DA:14,45
DA:15,45
DA:16,3
DA:18,42
DA:25,3
DA:29,29
DA:30,29
DA:31,29
DA:32,29
DA:33,29
DA:34,14
DA:35,14
DA:37,15
DA:38,15
DA:40,0
DA:41,0
DA:49,3
DA:50,3
DA:51,3
DA:52,3
DA:55,3
DA:59,3
DA:60,0
DA:67,0
DA:68,0
DA:69,0
DA:70,0
DA:74,0
DA:77,0
DA:78,0
DA:80,3
DA:81,3
DA:90,3
DA:91,2
DA:92,2
DA:93,2
DA:94,2
DA:95,2
DA:96,2
DA:98,0
DA:99,0
DA:107,3
DA:109,16
DA:113,16
DA:114,16
DA:115,16
DA:116,16
DA:117,16
DA:119,0
DA:120,0
DA:121,0
LF:54
LH:39
BRDA:13,0,0,45
BRDA:13,0,1,0
BRDA:15,1,0,3
BRDA:15,1,1,42
BRDA:33,2,0,14
BRDA:33,2,1,15
BRDA:40,3,0,0
BRDA:40,3,1,0
BRDA:60,4,0,0
BRDA:60,4,1,0
BRDA:67,5,0,0
BRDA:67,5,1,0
BRDA:69,6,0,0
BRDA:69,6,1,0
BRDA:80,7,0,3
BRDA:80,7,1,0
BRDA:98,8,0,0
BRDA:98,8,1,0
BRDA:119,9,0,0
BRDA:119,9,1,0
BRF:20
BRH:6
end_of_record
TN:
SF:src/resolvers/index.ts
FN:1,(anonymous_0)
FNF:1
FNH:1
FNDA:2,(anonymous_0)
DA:1,4
LF:1
LH:1
BRF:0
BRH:0
end_of_record
TN:
SF:src/resolvers/web/calculated-field-resolver.ts
FN:36,(anonymous_1)
FN:69,(anonymous_2)
FN:101,(anonymous_3)
FN:127,(anonymous_4)
FN:147,(anonymous_5)
FN:193,(anonymous_6)
FN:198,(anonymous_7)
FN:218,(anonymous_8)
FNF:8
FNH:8
FNDA:1,(anonymous_1)
FNDA:7,(anonymous_2)
FNDA:5,(anonymous_3)
FNDA:5,(anonymous_4)
FNDA:11,(anonymous_5)
FNDA:4,(anonymous_6)
FNDA:6,(anonymous_7)
FNDA:2,(anonymous_8)
DA:1,2
DA:2,2
DA:3,2
DA:4,2
DA:5,2
DA:29,2
DA:34,2
DA:48,1
DA:49,1
DA:59,1
DA:67,2
DA:70,7
DA:71,7
DA:73,7
DA:75,7
DA:78,7
DA:79,1
DA:82,1
DA:83,1
DA:84,0
DA:85,0
DA:89,1
DA:95,7
DA:96,3
DA:97,3
DA:101,5
DA:102,4
DA:105,4
DA:106,4
DA:107,5
DA:111,4
DA:112,4
DA:113,4
DA:115,0
DA:116,0
DA:125,2
DA:128,5
DA:129,5
DA:131,5
DA:132,5
DA:133,5
DA:135,0
DA:136,0
DA:145,2
DA:148,11
DA:149,11
DA:155,11
DA:157,11
DA:158,11
DA:159,2
DA:160,2
DA:164,9
DA:165,9
DA:167,9
DA:176,9
DA:177,9
DA:178,9
DA:180,0
DA:181,0
DA:182,0
DA:191,2
DA:194,4
DA:196,4
DA:197,4
DA:198,6
DA:203,4
DA:204,4
DA:206,0
DA:207,0
DA:216,2
DA:219,2
DA:220,2
DA:222,2
DA:223,2
DA:224,2
DA:226,0
DA:227,0
DA:232,2
LF:78
LH:65
BRDA:78,0,0,1
BRDA:78,0,1,6
BRDA:78,1,0,7
BRDA:78,1,1,3
BRDA:83,2,0,0
BRDA:83,2,1,1
BRDA:95,3,0,3
BRDA:95,3,1,4
BRDA:158,4,0,2
BRDA:158,4,1,9
BRDA:172,5,0,9
BRDA:172,5,1,8
BRDA:180,6,0,0
BRDA:180,6,1,0
BRDA:201,7,0,6
BRDA:201,7,1,1
BRF:16
BRH:13
end_of_record
TN:
SF:src/triggers/recalculate-score.ts
FN:25,recalculateScore
FN:85,processConfig
FN:92,(anonymous_2)
FN:95,(anonymous_3)
FNF:4
FNH:0
FNDA:0,recalculateScore
FNDA:0,processConfig
FNDA:0,(anonymous_2)
FNDA:0,(anonymous_3)
DA:1,0
DA:2,0
DA:3,0
DA:25,0
DA:26,0
DA:27,0
DA:28,0
DA:31,0
DA:32,0
DA:34,0
DA:35,0
DA:36,0
DA:40,0
DA:41,0
DA:42,0
DA:43,0
DA:44,0
DA:45,0
DA:47,0
DA:49,0
DA:50,0
DA:51,0
DA:55,0
DA:56,0
DA:58,0
DA:59,0
DA:60,0
DA:64,0
DA:65,0
DA:70,0
DA:74,0
DA:90,0
DA:91,0
DA:92,0
DA:95,0
DA:97,0
DA:98,0
DA:102,0
DA:105,0
DA:110,0
DA:111,0
DA:112,0
DA:113,0
DA:117,0
DA:118,0
DA:123,0
DA:124,0
DA:125,0
DA:129,0
DA:135,0
LF:50
LH:0
BRDA:32,0,0,0
BRDA:32,0,1,0
BRDA:34,1,0,0
BRDA:34,1,1,0
BRDA:41,2,0,0
BRDA:41,2,1,0
BRDA:44,3,0,0
BRDA:44,3,1,0
BRDA:45,4,0,0
BRDA:45,4,1,0
BRDA:49,5,0,0
BRDA:49,5,1,0
BRDA:58,6,0,0
BRDA:58,6,1,0
BRDA:70,7,0,0
BRDA:70,7,1,0
BRDA:76,8,0,0
BRDA:76,8,1,0
BRDA:97,9,0,0
BRDA:97,9,1,0
BRDA:124,10,0,0
BRDA:124,10,1,0
BRDA:139,11,0,0
BRDA:139,11,1,0
BRF:24
BRH:0
end_of_record
